This is pdfTeX, Version 3.14159265-2.6-1.40.17 (TeX Live 2016/Arch Linux) (preloaded format=pdflatex 2016.11.23)  5 JUN 2017 18:27
entering extended mode
 restricted \write18 enabled.
 %&-line parsing enabled.
**index.tex
(./index.tex
LaTeX2e <2016/03/31> patch level 3
Babel <3.9r> and hyphenation patterns for 83 language(s) loaded.
(/usr/share/texmf-dist/tex/latex/silence/silence.sty
Package: silence 2012/07/02 v1.5b Selective filtering of warnings and error mes
sages
\sl@Save=\count79
\sl@StateNumber=\count80
\sl@MessageCount=\count81
\sl@Casualties=\count82
\sl@Filter=\toks14
\sl@Message=\toks15
\sl@UnexpandedMessage=\toks16
\sl@Mess@ge=\toks17
\sl@WarningCount=\count83
\sl@WarningNumber=\count84
\sl@WarningCasualties=\count85
\sl@TempBOW=\toks18
\sl@BankOfWarnings=\toks19
LaTeX Info: Redefining \GenericWarning on input line 433.
\sl@ErrorCount=\count86
\sl@ErrorNumber=\count87
\sl@ErrorCasualties=\count88
\sl@TempBOE=\toks20
\sl@BankOfErrors=\toks21
LaTeX Info: Redefining \GenericError on input line 601.
) (./G7-32.cls
Document Class: G7-32 2003/07/01 v1.0 Non Standard LaTeX document class
(./G2-105.sty
Package: G2-105 2003/07/07 v1.00 General reqs. GOST 2.105-95
 (./GostBase.clo
(/usr/share/texmf-dist/tex/latex/extsizes/size14.clo
File: size14.clo 1999/11/11 v1.4a NON-Standard LaTeX file (size option)
))
\c@totalpage=\count89
\c@totaltable=\count90
\c@totalfigure=\count91
\c@totalbib=\count92
\GostAfterTitleSkip=\skip41
\GostBetweenTitleSkip=\skip42
\GostBeforTitleSkip=\skip43
\GostBeforNoTitleSkip=\skip44
\GostHTitleSpace=\skip45
\GostTitleIndent=\skip46
\Gost@ChapterIndent=\skip47
\Gost@MainChapterIndent=\skip48
\Gost@TitleDropSkip=\skip49
\c@chapter=\count93
\c@section=\count94
\c@subsection=\count95
\c@subsubsection=\count96
\NirTitleDropSkip=\skip50

(/usr/share/texmf-dist/tex/generic/iftex/iftex.sty
Package: iftex 2013/04/04 v0.2 Provides if(tex) conditional for PDFTeX, XeTeX, 
and LuaTeX
)
(/usr/share/texmf-dist/tex/latex/cmap/cmap.sty
Package: cmap 2008/03/06 v1.0h CMap support: searchable PDF
)
(/usr/share/texmf-dist/tex/latex/base/fontenc.sty
Package: fontenc 2016/06/19 v1.99m Standard LaTeX package

(/usr/share/texmf-dist/tex/latex/cyrillic/t2aenc.def
File: t2aenc.def 2005/09/27 v1.0i Cyrillic encoding definition file
)
LaTeX Font Info:    Try loading font information for T2A+cmr on input line 105.


(/usr/share/texmf-dist/tex/latex/cyrillic/t2acmr.fd
File: t2acmr.fd 2001/08/11 v1.0a Computer Modern Cyrillic font definitions
)<<t2a.cmap>>)
(/usr/share/texmf-dist/tex/latex/base/inputenc.sty
Package: inputenc 2015/03/17 v1.2c Input encoding file
\inpenc@prehook=\toks22
\inpenc@posthook=\toks23

(/usr/share/texmf-dist/tex/latex/ucs/utf8x.def
File: utf8x.def 2004/10/17 UCS: Input encoding UTF-8
))
(/usr/share/texmf-dist/tex/latex/ucs/ucs.sty
Package: ucs 2013/05/11 v2.2 UCS: Unicode input support

(/usr/share/texmf-dist/tex/latex/ucs/data/uni-global.def
File: uni-global.def 2013/05/13 UCS: Unicode global data
)
\uc@secondtry=\count97
\uc@combtoks=\toks24
\uc@combtoksb=\toks25
\uc@temptokena=\toks26
)
(/usr/share/texmf-dist/tex/generic/babel/babel.sty
Package: babel 2016/04/23 3.9r The Babel package

(/usr/share/texmf-dist/tex/generic/babel-english/english.ldf
Language: english 2012/08/20 v3.3p English support from the babel system

(/usr/share/texmf-dist/tex/generic/babel/babel.def
File: babel.def 2016/04/23 3.9r Babel common definitions
\babel@savecnt=\count98
\U@D=\dimen102
)
\l@canadian = a dialect from \language\l@american 
\l@australian = a dialect from \language\l@british 
\l@newzealand = a dialect from \language\l@british 
)
(/usr/share/texmf-dist/tex/generic/babel-russian/russianb.ldf
Language: russianb 2016/02/18 1.3h Russian support for the Babel system
Package babel Info: Making " an active character on input line 111.
))
(/usr/share/texmf-dist/tex/latex/t2/mathtext.sty
Package: mathtext 1999/01/28 v1.0 transparent text-and-math defs
LaTeX Info: Redefining \halign on input line 111.
)
(/usr/share/texmf-dist/tex/latex/base/flafter.sty
Package: flafter 2015/09/05 v1.3a Standard LaTeX floats after reference (FMi)
Applying: [2015/01/01] float order in 2-column on input line 49.
Already applied: [0000/00/00] float order in 2-column on input line 151.
)
\GostItemGap=\skip51
\GostItemIndent=\skip52
\GostItemNestedIndent=\skip53

(/usr/share/texmf-dist/tex/latex/amsfonts/amssymb.sty
Package: amssymb 2013/01/14 v3.01 AMS font symbols

(/usr/share/texmf-dist/tex/latex/amsfonts/amsfonts.sty
Package: amsfonts 2013/01/14 v3.01 Basic AMSFonts support
\@emptytoks=\toks27
\symAMSa=\mathgroup4
\symAMSb=\mathgroup5
LaTeX Font Info:    Overwriting math alphabet `\mathfrak' in version `bold'
(Font)                  U/euf/m/n --> U/euf/b/n on input line 106.
))
(/usr/share/texmf-dist/tex/latex/amsmath/amsmath.sty
Package: amsmath 2016/06/28 v2.15d AMS math features
\@mathmargin=\skip54

For additional information on amsmath, use the `?' option.
(/usr/share/texmf-dist/tex/latex/amsmath/amstext.sty
Package: amstext 2000/06/29 v2.01 AMS text

(/usr/share/texmf-dist/tex/latex/amsmath/amsgen.sty
File: amsgen.sty 1999/11/30 v2.0 generic functions
\@emptytoks=\toks28
\ex@=\dimen103
))
(/usr/share/texmf-dist/tex/latex/amsmath/amsbsy.sty
Package: amsbsy 1999/11/29 v1.2d Bold Symbols
\pmbraise@=\dimen104
)
(/usr/share/texmf-dist/tex/latex/amsmath/amsopn.sty
Package: amsopn 2016/03/08 v2.02 operator names
)
\inf@bad=\count99
LaTeX Info: Redefining \frac on input line 199.
\uproot@=\count100
\leftroot@=\count101
LaTeX Info: Redefining \overline on input line 297.
\classnum@=\count102
\DOTSCASE@=\count103
LaTeX Info: Redefining \ldots on input line 394.
LaTeX Info: Redefining \dots on input line 397.
LaTeX Info: Redefining \cdots on input line 518.
\Mathstrutbox@=\box26
\strutbox@=\box27
\big@size=\dimen105
LaTeX Font Info:    Redeclaring font encoding OML on input line 634.
\symOMLletters=\mathgroup6
LaTeX Font Info:    Redeclaring font encoding OMS on input line 635.
\symOMSletters=\mathgroup7
\macc@depth=\count104
\c@MaxMatrixCols=\count105
\dotsspace@=\muskip10
\c@parentequation=\count106
\dspbrk@lvl=\count107
\tag@help=\toks29
\row@=\count108
\column@=\count109
\maxfields@=\count110
\andhelp@=\toks30
\eqnshift@=\dimen106
\alignsep@=\dimen107
\tagshift@=\dimen108
\tagwidth@=\dimen109
\totwidth@=\dimen110
\lineht@=\dimen111
\@envbody=\toks31
\multlinegap=\skip55
\multlinetaggap=\skip56
\mathdisplay@stack=\toks32
LaTeX Info: Redefining \[ on input line 2739.
LaTeX Info: Redefining \] on input line 2740.
)
(/usr/share/texmf-dist/tex/latex/was/icomma.sty
Package: icomma 2002/03/10 v2.0 (WaS)
)
(/usr/share/texmf-dist/tex/latex/base/leqno.clo
File: leqno.clo 2015/03/31 v1.1i Standard LaTeX option (left equation numbers)
)
\Gost@EqRemLen=\skip57
\Gost@@EqRemLen=\skip58

(/usr/share/texmf-dist/tex/latex/caption/caption.sty
Package: caption 2016/02/21 v3.3-144 Customizing captions (AR)

(/usr/share/texmf-dist/tex/latex/caption/caption3.sty
Package: caption3 2016/05/22 v1.7-166 caption3 kernel (AR)
Package caption3 Info: TeX engine: e-TeX on input line 67.

(/usr/share/texmf-dist/tex/latex/graphics/keyval.sty
Package: keyval 2014/10/28 v1.15 key=value parser (DPC)
\KV@toks@=\toks33
)
\captionmargin=\dimen112
\captionmargin@=\dimen113
\captionwidth=\dimen114
\caption@tempdima=\dimen115
\caption@indent=\dimen116
\caption@parindent=\dimen117
\caption@hangindent=\dimen118
\abovecaptionskip=\skip59
\belowcaptionskip=\skip60
Package caption Info: Unknown document class (or package),
(caption)             standard defaults will be used.
)
Package caption Info: \@makecaption = undefined.
\c@ContinuedFloat=\count111
)
\c@figure=\count112
\c@table=\count113

(/usr/share/texmf-dist/tex/latex/tools/longtable.sty
Package: longtable 2014/10/28 v4.11 Multi-page Table package (DPC)
\LTleft=\skip61
\LTright=\skip62
\LTpre=\skip63
\LTpost=\skip64
\LTchunksize=\count114
\LTcapwidth=\dimen119
\LT@head=\box28
\LT@firsthead=\box29
\LT@foot=\box30
\LT@lastfoot=\box31
\LT@cols=\count115
\LT@rows=\count116
\c@LT@tables=\count117
\c@LT@chunks=\count118
\LT@p@ftn=\toks34
)
(/usr/share/texmf-dist/tex/latex/footmisc/footmisc.sty
Package: footmisc 2011/06/06 v5.5b a miscellany of footnote facilities
\FN@temptoken=\toks35
\footnotemargin=\dimen120
\c@pp@next@reset=\count119
\c@@fnserial=\count120
Package footmisc Info: Declaring symbol style bringhurst on input line 855.
Package footmisc Info: Declaring symbol style chicago on input line 863.
Package footmisc Info: Declaring symbol style wiley on input line 872.
Package footmisc Info: Declaring symbol style lamport-robust on input line 883.

Package footmisc Info: Declaring symbol style lamport* on input line 903.
Package footmisc Info: Declaring symbol style lamport*-robust on input line 924
.
)
\bibindent=\dimen121
)
(/usr/share/texmf-dist/tex/latex/geometry/geometry.sty
Package: geometry 2010/09/12 v5.6 Page Geometry

(/usr/share/texmf-dist/tex/generic/oberdiek/ifpdf.sty
Package: ifpdf 2016/05/14 v3.1 Provides the ifpdf switch
)
(/usr/share/texmf-dist/tex/generic/oberdiek/ifvtex.sty
Package: ifvtex 2016/05/16 v1.6 Detect VTeX and its facilities (HO)
Package ifvtex Info: VTeX not detected.
)
(/usr/share/texmf-dist/tex/generic/ifxetex/ifxetex.sty
Package: ifxetex 2010/09/12 v0.6 Provides ifxetex conditional
)
\Gm@cnth=\count121
\Gm@cntv=\count122
\c@Gm@tempcnt=\count123
\Gm@bindingoffset=\dimen122
\Gm@wd@mp=\dimen123
\Gm@odd@mp=\dimen124
\Gm@even@mp=\dimen125
\Gm@layoutwidth=\dimen126
\Gm@layoutheight=\dimen127
\Gm@layouthoffset=\dimen128
\Gm@layoutvoffset=\dimen129
\Gm@dimlist=\toks36
) (./G7-32.sty
Package: G7-32 2003/07/07 v1.00 Titles for GOST 7.32-2001
))
\@input{preamble.inc.aux}
\openout2 = `preamble.inc.aux'.

(./preamble.inc.tex (/usr/share/texmf-dist/tex/latex/hyperref/hyperref.sty
Package: hyperref 2016/06/24 v6.83q Hypertext links for LaTeX

(/usr/share/texmf-dist/tex/generic/oberdiek/hobsub-hyperref.sty
Package: hobsub-hyperref 2016/05/16 v1.14 Bundle oberdiek, subset hyperref (HO)


(/usr/share/texmf-dist/tex/generic/oberdiek/hobsub-generic.sty
Package: hobsub-generic 2016/05/16 v1.14 Bundle oberdiek, subset generic (HO)
Package: hobsub 2016/05/16 v1.14 Construct package bundles (HO)
Package: infwarerr 2016/05/16 v1.4 Providing info/warning/error messages (HO)
Package: ltxcmds 2016/05/16 v1.23 LaTeX kernel commands for general use (HO)
Package: ifluatex 2016/05/16 v1.4 Provides the ifluatex switch (HO)
Package ifluatex Info: LuaTeX not detected.
Package hobsub Info: Skipping package `ifvtex' (already loaded).
Package: intcalc 2016/05/16 v1.2 Expandable calculations with integers (HO)
Package hobsub Info: Skipping package `ifpdf' (already loaded).
Package: etexcmds 2016/05/16 v1.6 Avoid name clashes with e-TeX commands (HO)
Package etexcmds Info: Could not find \expanded.
(etexcmds)             That can mean that you are not using pdfTeX 1.50 or
(etexcmds)             that some package has redefined \expanded.
(etexcmds)             In the latter case, load this package earlier.
Package: kvsetkeys 2016/05/16 v1.17 Key value parser (HO)
Package: kvdefinekeys 2016/05/16 v1.4 Define keys (HO)
Package: pdftexcmds 2016/05/21 v0.22 Utility functions of pdfTeX for LuaTeX (HO
)
Package pdftexcmds Info: LuaTeX not detected.
Package pdftexcmds Info: \pdf@primitive is available.
Package pdftexcmds Info: \pdf@ifprimitive is available.
Package pdftexcmds Info: \pdfdraftmode found.
Package: pdfescape 2016/05/16 v1.14 Implements pdfTeX's escape features (HO)
Package: bigintcalc 2016/05/16 v1.4 Expandable calculations on big integers (HO
)
Package: bitset 2016/05/16 v1.2 Handle bit-vector datatype (HO)
Package: uniquecounter 2016/05/16 v1.3 Provide unlimited unique counter (HO)
)
Package hobsub Info: Skipping package `hobsub' (already loaded).
Package: letltxmacro 2016/05/16 v1.5 Let assignment for LaTeX macros (HO)
Package: hopatch 2016/05/16 v1.3 Wrapper for package hooks (HO)
Package: xcolor-patch 2016/05/16 xcolor patch
Package: atveryend 2016/05/16 v1.9 Hooks at the very end of document (HO)
Package atveryend Info: \enddocument detected (standard20110627).
Package: atbegshi 2016/06/09 v1.18 At begin shipout hook (HO)
Package: refcount 2016/05/16 v3.5 Data extraction from label references (HO)
Package: hycolor 2016/05/16 v1.8 Color options for hyperref/bookmark (HO)
)
(/usr/share/texmf-dist/tex/latex/oberdiek/auxhook.sty
Package: auxhook 2016/05/16 v1.4 Hooks for auxiliary files (HO)
)
(/usr/share/texmf-dist/tex/latex/oberdiek/kvoptions.sty
Package: kvoptions 2016/05/16 v3.12 Key value format for package options (HO)
)
\@linkdim=\dimen130
\Hy@linkcounter=\count124
\Hy@pagecounter=\count125

(/usr/share/texmf-dist/tex/latex/hyperref/pd1enc.def
File: pd1enc.def 2016/06/24 v6.83q Hyperref: PDFDocEncoding definition (HO)
\symPD1letters=\mathgroup8
)
\Hy@SavedSpaceFactor=\count126
Package hyperref Info: Option `unicode' set `true' on input line 3453.

(/usr/share/texmf-dist/tex/latex/hyperref/puenc.def
File: puenc.def 2016/06/24 v6.83q Hyperref: PDF Unicode definition (HO)
\symPUletters=\mathgroup9
)
(/usr/share/texmf-dist/tex/latex/latexconfig/hyperref.cfg
File: hyperref.cfg 2002/06/06 v1.2 hyperref configuration of TeXLive
)
Package hyperref Info: Option `bookmarks' set `true' on input line 4362.
Package hyperref Info: Option `colorlinks' set `true' on input line 4362.
Package hyperref Info: Option `unicode' set `true' on input line 4362.
Package hyperref Info: Hyper figures OFF on input line 4486.
Package hyperref Info: Link nesting OFF on input line 4491.
Package hyperref Info: Hyper index ON on input line 4494.
Package hyperref Info: Plain pages OFF on input line 4501.
Package hyperref Info: Backreferencing OFF on input line 4506.
Package hyperref Info: Implicit mode ON; LaTeX internals redefined.
Package hyperref Info: Bookmarks ON on input line 4735.
\c@Hy@tempcnt=\count127

(/usr/share/texmf-dist/tex/latex/url/url.sty
\Urlmuskip=\muskip11
Package: url 2013/09/16  ver 3.4  Verb mode for urls, etc.
)
LaTeX Info: Redefining \url on input line 5088.
\XeTeXLinkMargin=\dimen131
\Fld@menulength=\count128
\Field@Width=\dimen132
\Fld@charsize=\dimen133
Package hyperref Info: Hyper figures OFF on input line 6342.
Package hyperref Info: Link nesting OFF on input line 6347.
Package hyperref Info: Hyper index ON on input line 6350.
Package hyperref Info: backreferencing OFF on input line 6357.
Package hyperref Info: Link coloring ON on input line 6360.
Package hyperref Info: Link coloring with OCG OFF on input line 6367.
Package hyperref Info: PDF/A mode OFF on input line 6372.
LaTeX Info: Redefining \ref on input line 6412.
LaTeX Info: Redefining \pageref on input line 6416.
\Hy@abspage=\count129
\c@Item=\count130
\c@Hfootnote=\count131
)

Package hyperref Message: Driver (autodetected): hpdftex.

(/usr/share/texmf-dist/tex/latex/hyperref/hpdftex.def
File: hpdftex.def 2016/06/24 v6.83q Hyperref driver for pdfTeX
\Fld@listcount=\count132
\c@bookmark@seq@number=\count133

(/usr/share/texmf-dist/tex/latex/oberdiek/rerunfilecheck.sty
Package: rerunfilecheck 2016/05/16 v1.8 Rerun checks for auxiliary files (HO)
Package uniquecounter Info: New unique counter `rerunfilecheck' on input line 2
82.
)
\Hy@SectionHShift=\skip65
)
(/usr/share/texmf-dist/tex/latex/graphics/graphicx.sty
Package: graphicx 2014/10/28 v1.0g Enhanced LaTeX Graphics (DPC,SPQR)

(/usr/share/texmf-dist/tex/latex/graphics/graphics.sty
Package: graphics 2016/07/10 v1.0t Standard LaTeX Graphics (DPC,SPQR)

(/usr/share/texmf-dist/tex/latex/graphics/trig.sty
Package: trig 2016/01/03 v1.10 sin cos tan (DPC)
)
(/usr/share/texmf-dist/tex/latex/graphics-cfg/graphics.cfg
File: graphics.cfg 2016/06/04 v1.11 sample graphics configuration
)
Package graphics Info: Driver file: pdftex.def on input line 99.

(/usr/share/texmf-dist/tex/latex/graphics-def/pdftex.def
File: pdftex.def 2016/07/10 v0.06j Graphics/color for pdfTeX
\Gread@gobject=\count134
))
\Gin@req@height=\dimen134
\Gin@req@width=\dimen135
)
(/usr/share/texmf-dist/tex/latex/pgf/frontendlayer/tikz.sty
(/usr/share/texmf-dist/tex/latex/pgf/basiclayer/pgf.sty
(/usr/share/texmf-dist/tex/latex/pgf/utilities/pgfrcs.sty
(/usr/share/texmf-dist/tex/generic/pgf/utilities/pgfutil-common.tex
\pgfutil@everybye=\toks37
\pgfutil@tempdima=\dimen136
\pgfutil@tempdimb=\dimen137

(/usr/share/texmf-dist/tex/generic/pgf/utilities/pgfutil-common-lists.tex))
(/usr/share/texmf-dist/tex/generic/pgf/utilities/pgfutil-latex.def
\pgfutil@abb=\box32

(/usr/share/texmf-dist/tex/latex/ms/everyshi.sty
Package: everyshi 2001/05/15 v3.00 EveryShipout Package (MS)
))
(/usr/share/texmf-dist/tex/generic/pgf/utilities/pgfrcs.code.tex
Package: pgfrcs 2015/08/07 v3.0.1a (rcs-revision 1.31)
))
Package: pgf 2015/08/07 v3.0.1a (rcs-revision 1.15)

(/usr/share/texmf-dist/tex/latex/pgf/basiclayer/pgfcore.sty
(/usr/share/texmf-dist/tex/latex/pgf/systemlayer/pgfsys.sty
(/usr/share/texmf-dist/tex/generic/pgf/systemlayer/pgfsys.code.tex
Package: pgfsys 2014/07/09 v3.0.1a (rcs-revision 1.48)

(/usr/share/texmf-dist/tex/generic/pgf/utilities/pgfkeys.code.tex
\pgfkeys@pathtoks=\toks38
\pgfkeys@temptoks=\toks39

(/usr/share/texmf-dist/tex/generic/pgf/utilities/pgfkeysfiltered.code.tex
\pgfkeys@tmptoks=\toks40
))
\pgf@x=\dimen138
\pgf@y=\dimen139
\pgf@xa=\dimen140
\pgf@ya=\dimen141
\pgf@xb=\dimen142
\pgf@yb=\dimen143
\pgf@xc=\dimen144
\pgf@yc=\dimen145
\w@pgf@writea=\write3
\r@pgf@reada=\read1
\c@pgf@counta=\count135
\c@pgf@countb=\count136
\c@pgf@countc=\count137
\c@pgf@countd=\count138
\t@pgf@toka=\toks41
\t@pgf@tokb=\toks42
\t@pgf@tokc=\toks43

(/usr/share/texmf-dist/tex/generic/pgf/systemlayer/pgf.cfg
File: pgf.cfg 2008/05/14  (rcs-revision 1.7)
)
Driver file for pgf: pgfsys-pdftex.def

(/usr/share/texmf-dist/tex/generic/pgf/systemlayer/pgfsys-pdftex.def
File: pgfsys-pdftex.def 2014/10/11  (rcs-revision 1.35)

(/usr/share/texmf-dist/tex/generic/pgf/systemlayer/pgfsys-common-pdf.def
File: pgfsys-common-pdf.def 2013/10/10  (rcs-revision 1.13)
)))
(/usr/share/texmf-dist/tex/generic/pgf/systemlayer/pgfsyssoftpath.code.tex
File: pgfsyssoftpath.code.tex 2013/09/09  (rcs-revision 1.9)
\pgfsyssoftpath@smallbuffer@items=\count139
\pgfsyssoftpath@bigbuffer@items=\count140
)
(/usr/share/texmf-dist/tex/generic/pgf/systemlayer/pgfsysprotocol.code.tex
File: pgfsysprotocol.code.tex 2006/10/16  (rcs-revision 1.4)
))
(/usr/share/texmf-dist/tex/latex/xcolor/xcolor.sty
Package: xcolor 2016/05/11 v2.12 LaTeX color extensions (UK)

(/usr/share/texmf-dist/tex/latex/graphics-cfg/color.cfg
File: color.cfg 2016/01/02 v1.6 sample color configuration
)
Package xcolor Info: Driver file: pdftex.def on input line 225.
Package xcolor Info: Model `cmy' substituted by `cmy0' on input line 1348.
Package xcolor Info: Model `hsb' substituted by `rgb' on input line 1352.
Package xcolor Info: Model `RGB' extended on input line 1364.
Package xcolor Info: Model `HTML' substituted by `rgb' on input line 1366.
Package xcolor Info: Model `Hsb' substituted by `hsb' on input line 1367.
Package xcolor Info: Model `tHsb' substituted by `hsb' on input line 1368.
Package xcolor Info: Model `HSB' substituted by `hsb' on input line 1369.
Package xcolor Info: Model `Gray' substituted by `gray' on input line 1370.
Package xcolor Info: Model `wave' substituted by `hsb' on input line 1371.
)
(/usr/share/texmf-dist/tex/generic/pgf/basiclayer/pgfcore.code.tex
Package: pgfcore 2010/04/11 v3.0.1a (rcs-revision 1.7)

(/usr/share/texmf-dist/tex/generic/pgf/math/pgfmath.code.tex
(/usr/share/texmf-dist/tex/generic/pgf/math/pgfmathcalc.code.tex
(/usr/share/texmf-dist/tex/generic/pgf/math/pgfmathutil.code.tex)
(/usr/share/texmf-dist/tex/generic/pgf/math/pgfmathparser.code.tex
\pgfmath@dimen=\dimen146
\pgfmath@count=\count141
\pgfmath@box=\box33
\pgfmath@toks=\toks44
\pgfmath@stack@operand=\toks45
\pgfmath@stack@operation=\toks46
)
(/usr/share/texmf-dist/tex/generic/pgf/math/pgfmathfunctions.code.tex
(/usr/share/texmf-dist/tex/generic/pgf/math/pgfmathfunctions.basic.code.tex)
(/usr/share/texmf-dist/tex/generic/pgf/math/pgfmathfunctions.trigonometric.code
.tex)
(/usr/share/texmf-dist/tex/generic/pgf/math/pgfmathfunctions.random.code.tex)
(/usr/share/texmf-dist/tex/generic/pgf/math/pgfmathfunctions.comparison.code.te
x) (/usr/share/texmf-dist/tex/generic/pgf/math/pgfmathfunctions.base.code.tex)
(/usr/share/texmf-dist/tex/generic/pgf/math/pgfmathfunctions.round.code.tex)
(/usr/share/texmf-dist/tex/generic/pgf/math/pgfmathfunctions.misc.code.tex)
(/usr/share/texmf-dist/tex/generic/pgf/math/pgfmathfunctions.integerarithmetics
.code.tex))) (/usr/share/texmf-dist/tex/generic/pgf/math/pgfmathfloat.code.tex
\c@pgfmathroundto@lastzeros=\count142
)) (/usr/share/texmf-dist/tex/generic/pgf/basiclayer/pgfcorepoints.code.tex
File: pgfcorepoints.code.tex 2013/10/07  (rcs-revision 1.27)
\pgf@picminx=\dimen147
\pgf@picmaxx=\dimen148
\pgf@picminy=\dimen149
\pgf@picmaxy=\dimen150
\pgf@pathminx=\dimen151
\pgf@pathmaxx=\dimen152
\pgf@pathminy=\dimen153
\pgf@pathmaxy=\dimen154
\pgf@xx=\dimen155
\pgf@xy=\dimen156
\pgf@yx=\dimen157
\pgf@yy=\dimen158
\pgf@zx=\dimen159
\pgf@zy=\dimen160
)
(/usr/share/texmf-dist/tex/generic/pgf/basiclayer/pgfcorepathconstruct.code.tex
File: pgfcorepathconstruct.code.tex 2013/10/07  (rcs-revision 1.29)
\pgf@path@lastx=\dimen161
\pgf@path@lasty=\dimen162
) (/usr/share/texmf-dist/tex/generic/pgf/basiclayer/pgfcorepathusage.code.tex
File: pgfcorepathusage.code.tex 2014/11/02  (rcs-revision 1.24)
\pgf@shorten@end@additional=\dimen163
\pgf@shorten@start@additional=\dimen164
)
(/usr/share/texmf-dist/tex/generic/pgf/basiclayer/pgfcorescopes.code.tex
File: pgfcorescopes.code.tex 2015/05/08  (rcs-revision 1.46)
\pgfpic=\box34
\pgf@hbox=\box35
\pgf@layerbox@main=\box36
\pgf@picture@serial@count=\count143
)
(/usr/share/texmf-dist/tex/generic/pgf/basiclayer/pgfcoregraphicstate.code.tex
File: pgfcoregraphicstate.code.tex 2014/11/02  (rcs-revision 1.12)
\pgflinewidth=\dimen165
)
(/usr/share/texmf-dist/tex/generic/pgf/basiclayer/pgfcoretransformations.code.t
ex
File: pgfcoretransformations.code.tex 2015/08/07  (rcs-revision 1.20)
\pgf@pt@x=\dimen166
\pgf@pt@y=\dimen167
\pgf@pt@temp=\dimen168
) (/usr/share/texmf-dist/tex/generic/pgf/basiclayer/pgfcorequick.code.tex
File: pgfcorequick.code.tex 2008/10/09  (rcs-revision 1.3)
)
(/usr/share/texmf-dist/tex/generic/pgf/basiclayer/pgfcoreobjects.code.tex
File: pgfcoreobjects.code.tex 2006/10/11  (rcs-revision 1.2)
)
(/usr/share/texmf-dist/tex/generic/pgf/basiclayer/pgfcorepathprocessing.code.te
x
File: pgfcorepathprocessing.code.tex 2013/09/09  (rcs-revision 1.9)
) (/usr/share/texmf-dist/tex/generic/pgf/basiclayer/pgfcorearrows.code.tex
File: pgfcorearrows.code.tex 2015/05/14  (rcs-revision 1.43)
\pgfarrowsep=\dimen169
)
(/usr/share/texmf-dist/tex/generic/pgf/basiclayer/pgfcoreshade.code.tex
File: pgfcoreshade.code.tex 2013/07/15  (rcs-revision 1.15)
\pgf@max=\dimen170
\pgf@sys@shading@range@num=\count144
)
(/usr/share/texmf-dist/tex/generic/pgf/basiclayer/pgfcoreimage.code.tex
File: pgfcoreimage.code.tex 2013/07/15  (rcs-revision 1.18)

(/usr/share/texmf-dist/tex/generic/pgf/basiclayer/pgfcoreexternal.code.tex
File: pgfcoreexternal.code.tex 2014/07/09  (rcs-revision 1.21)
\pgfexternal@startupbox=\box37
))
(/usr/share/texmf-dist/tex/generic/pgf/basiclayer/pgfcorelayers.code.tex
File: pgfcorelayers.code.tex 2013/07/18  (rcs-revision 1.7)
)
(/usr/share/texmf-dist/tex/generic/pgf/basiclayer/pgfcoretransparency.code.tex
File: pgfcoretransparency.code.tex 2013/09/30  (rcs-revision 1.5)
) (/usr/share/texmf-dist/tex/generic/pgf/basiclayer/pgfcorepatterns.code.tex
File: pgfcorepatterns.code.tex 2013/11/07  (rcs-revision 1.5)
)))
(/usr/share/texmf-dist/tex/generic/pgf/modules/pgfmoduleshapes.code.tex
File: pgfmoduleshapes.code.tex 2014/03/21  (rcs-revision 1.35)
\pgfnodeparttextbox=\box38
)
(/usr/share/texmf-dist/tex/generic/pgf/modules/pgfmoduleplot.code.tex
File: pgfmoduleplot.code.tex 2015/08/03  (rcs-revision 1.13)
)
(/usr/share/texmf-dist/tex/latex/pgf/compatibility/pgfcomp-version-0-65.sty
Package: pgfcomp-version-0-65 2007/07/03 v3.0.1a (rcs-revision 1.7)
\pgf@nodesepstart=\dimen171
\pgf@nodesepend=\dimen172
)
(/usr/share/texmf-dist/tex/latex/pgf/compatibility/pgfcomp-version-1-18.sty
Package: pgfcomp-version-1-18 2007/07/23 v3.0.1a (rcs-revision 1.1)
))
(/usr/share/texmf-dist/tex/latex/pgf/utilities/pgffor.sty
(/usr/share/texmf-dist/tex/latex/pgf/utilities/pgfkeys.sty
(/usr/share/texmf-dist/tex/generic/pgf/utilities/pgfkeys.code.tex))
(/usr/share/texmf-dist/tex/latex/pgf/math/pgfmath.sty
(/usr/share/texmf-dist/tex/generic/pgf/math/pgfmath.code.tex))
(/usr/share/texmf-dist/tex/generic/pgf/utilities/pgffor.code.tex
Package: pgffor 2013/12/13 v3.0.1a (rcs-revision 1.25)

(/usr/share/texmf-dist/tex/generic/pgf/math/pgfmath.code.tex)
\pgffor@iter=\dimen173
\pgffor@skip=\dimen174
\pgffor@stack=\toks47
\pgffor@toks=\toks48
))
(/usr/share/texmf-dist/tex/generic/pgf/frontendlayer/tikz/tikz.code.tex
Package: tikz 2015/08/07 v3.0.1a (rcs-revision 1.151)

(/usr/share/texmf-dist/tex/generic/pgf/libraries/pgflibraryplothandlers.code.te
x
File: pgflibraryplothandlers.code.tex 2013/08/31 v3.0.1a (rcs-revision 1.20)
\pgf@plot@mark@count=\count145
\pgfplotmarksize=\dimen175
)
\tikz@lastx=\dimen176
\tikz@lasty=\dimen177
\tikz@lastxsaved=\dimen178
\tikz@lastysaved=\dimen179
\tikzleveldistance=\dimen180
\tikzsiblingdistance=\dimen181
\tikz@figbox=\box39
\tikz@figbox@bg=\box40
\tikz@tempbox=\box41
\tikz@tempbox@bg=\box42
\tikztreelevel=\count146
\tikznumberofchildren=\count147
\tikznumberofcurrentchild=\count148
\tikz@fig@count=\count149
 (/usr/share/texmf-dist/tex/generic/pgf/modules/pgfmodulematrix.code.tex
File: pgfmodulematrix.code.tex 2013/09/17  (rcs-revision 1.8)
\pgfmatrixcurrentrow=\count150
\pgfmatrixcurrentcolumn=\count151
\pgf@matrix@numberofcolumns=\count152
)
\tikz@expandcount=\count153

(/usr/share/texmf-dist/tex/generic/pgf/frontendlayer/tikz/libraries/tikzlibrary
topaths.code.tex
File: tikzlibrarytopaths.code.tex 2008/06/17 v3.0.1a (rcs-revision 1.2)
)))
(/usr/share/texmf-dist/tex/generic/pgf/frontendlayer/tikz/libraries/tikzlibrary
arrows.code.tex
File: tikzlibraryarrows.code.tex 2008/01/09 v3.0.1a (rcs-revision 1.1)

(/usr/share/texmf-dist/tex/generic/pgf/libraries/pgflibraryarrows.code.tex
File: pgflibraryarrows.code.tex 2013/09/23 v3.0.1a (rcs-revision 1.16)
\arrowsize=\dimen182
))
(/usr/share/texmf-dist/tex/generic/pgf/libraries/pgflibraryarrows.meta.code.tex
File: pgflibraryarrows.meta.code.tex 2015/05/13 v3.0.1a (rcs-revision 1.13)
\pgfarrowinset=\dimen183
\pgfarrowlength=\dimen184
\pgfarrowwidth=\dimen185
\pgfarrowlinewidth=\dimen186
) (/usr/share/texmf-dist/tex/latex/pgfplots/pgfplots.sty
(/usr/share/texmf-dist/tex/generic/pgfplots/pgfplots.revision.tex)
Package: pgfplots 2016/08/10 v1.14 Data Visualization (1.14)

(/usr/share/texmf-dist/tex/generic/pgfplots/pgfplots.code.tex
(/usr/share/texmf-dist/tex/generic/pgfplots/pgfplotscore.code.tex
\t@pgfplots@toka=\toks49
\t@pgfplots@tokb=\toks50
\t@pgfplots@tokc=\toks51
\pgfplots@tmpa=\dimen187
\c@pgfplots@coordindex=\count154
\c@pgfplots@scanlineindex=\count155

(/usr/share/texmf-dist/tex/generic/pgfplots/sys/pgfplotssysgeneric.code.tex))
(/usr/share/texmf-dist/tex/generic/pgfplots/libs/pgfplotslibrary.code.tex)
(/usr/share/texmf-dist/tex/generic/pgfplots/oldpgfcompatib/pgfplotsoldpgfsupp_l
oader.code.tex
(/usr/share/texmf-dist/tex/generic/pgf/libraries/pgflibraryfpu.code.tex)
Package pgfplots: loading complementary arithmetics for your pgf version...

(/usr/share/texmf-dist/tex/generic/pgfplots/oldpgfcompatib/pgfplotsoldpgfsupp_p
gflibraryfpu.code.tex)
(/usr/share/texmf-dist/tex/generic/pgfplots/oldpgfcompatib/pgfplotsoldpgfsupp_p
gfmathfloat.code.tex
\c@pgfmathroundto@lastzeros=\count156
))
(/usr/share/texmf-dist/tex/generic/pgfplots/util/pgfplotsutil.code.tex
(/usr/share/texmf-dist/tex/generic/pgfplots/liststructure/pgfplotsliststructure
.code.tex)
(/usr/share/texmf-dist/tex/generic/pgfplots/liststructure/pgfplotsliststructure
ext.code.tex)
(/usr/share/texmf-dist/tex/generic/pgfplots/liststructure/pgfplotsarray.code.te
x
\c@pgfplotsarray@tmp=\count157
)
(/usr/share/texmf-dist/tex/generic/pgfplots/liststructure/pgfplotsmatrix.code.t
ex)
(/usr/share/texmf-dist/tex/generic/pgfplots/numtable/pgfplotstableshared.code.t
ex
\c@pgfplotstable@counta=\count158
\t@pgfplotstable@a=\toks52
)
(/usr/share/texmf-dist/tex/generic/pgfplots/liststructure/pgfplotsdeque.code.te
x) (/usr/share/texmf-dist/tex/generic/pgfplots/util/pgfplotsbinary.code.tex
(/usr/share/texmf-dist/tex/generic/pgfplots/util/pgfplotsbinary.data.code.tex))
(/usr/share/texmf-dist/tex/generic/pgfplots/util/pgfplotsutil.verb.code.tex)
(/usr/share/texmf-dist/tex/generic/pgfplots/libs/pgflibrarypgfplots.surfshading
.code.tex
\c@pgfplotslibrarysurf@no=\count159

(/usr/share/texmf-dist/tex/generic/pgfplots/sys/pgflibrarypgfplots.surfshading.
pgfsys-pdftex.def)))
(/usr/share/texmf-dist/tex/generic/pgfplots/util/pgfplotscolormap.code.tex
(/usr/share/texmf-dist/tex/generic/pgfplots/util/pgfplotscolor.code.tex))
(/usr/share/texmf-dist/tex/generic/pgfplots/pgfplotsstackedplots.code.tex)
(/usr/share/texmf-dist/tex/generic/pgfplots/pgfplotsplothandlers.code.tex
(/usr/share/texmf-dist/tex/generic/pgfplots/pgfplotsmeshplothandler.code.tex
(/usr/share/texmf-dist/tex/generic/pgfplots/pgfplotsmeshplotimage.code.tex)))
(/usr/share/texmf-dist/tex/generic/pgfplots/pgfplots.scaling.code.tex)
(/usr/share/texmf-dist/tex/generic/pgfplots/pgfplotscoordprocessing.code.tex)
(/usr/share/texmf-dist/tex/generic/pgfplots/pgfplots.errorbars.code.tex)
(/usr/share/texmf-dist/tex/generic/pgfplots/pgfplots.markers.code.tex)
(/usr/share/texmf-dist/tex/generic/pgfplots/pgfplotsticks.code.tex)
(/usr/share/texmf-dist/tex/generic/pgfplots/pgfplots.paths.code.tex)
(/usr/share/texmf-dist/tex/generic/pgf/frontendlayer/tikz/libraries/tikzlibrary
decorations.code.tex
(/usr/share/texmf-dist/tex/generic/pgf/modules/pgfmoduledecorations.code.tex
\pgfdecoratedcompleteddistance=\dimen188
\pgfdecoratedremainingdistance=\dimen189
\pgfdecoratedinputsegmentcompleteddistance=\dimen190
\pgfdecoratedinputsegmentremainingdistance=\dimen191
\pgf@decorate@distancetomove=\dimen192
\pgf@decorate@repeatstate=\count160
\pgfdecorationsegmentamplitude=\dimen193
\pgfdecorationsegmentlength=\dimen194
)
\tikz@lib@dec@box=\box43
)
(/usr/share/texmf-dist/tex/generic/pgf/frontendlayer/tikz/libraries/tikzlibrary
decorations.pathmorphing.code.tex
(/usr/share/texmf-dist/tex/generic/pgf/libraries/decorations/pgflibrarydecorati
ons.pathmorphing.code.tex))
(/usr/share/texmf-dist/tex/generic/pgf/frontendlayer/tikz/libraries/tikzlibrary
decorations.pathreplacing.code.tex
(/usr/share/texmf-dist/tex/generic/pgf/libraries/decorations/pgflibrarydecorati
ons.pathreplacing.code.tex))
\pgfplots@numplots=\count161
\pgfplots@xmin@reg=\dimen195
\pgfplots@xmax@reg=\dimen196
\pgfplots@ymin@reg=\dimen197
\pgfplots@ymax@reg=\dimen198
\pgfplots@zmin@reg=\dimen199
\pgfplots@zmax@reg=\dimen256
)
(/usr/share/texmf-dist/tex/generic/pgf/frontendlayer/tikz/libraries/tikzlibrary
plotmarks.code.tex
File: tikzlibraryplotmarks.code.tex 2008/01/09 v3.0.1a (rcs-revision 1.1)

(/usr/share/texmf-dist/tex/generic/pgf/libraries/pgflibraryplotmarks.code.tex
File: pgflibraryplotmarks.code.tex 2015/08/03 v3.0.1a (rcs-revision 1.14)
))) (/usr/share/texmf-dist/tex/latex/tools/enumerate.sty
Package: enumerate 2015/07/23 v3.00 enumerate extensions (DPC)
\@enLab=\toks53
)
(/usr/share/texmf-dist/tex/latex/multirow/multirow.sty
Package: multirow 2016/10/11 v2.1 Span multiple rows of a table
\multirow@colwidth=\skip66
\multirow@cnta=\count162
\multirow@cntb=\count163
\multirow@dima=\skip67
\bigstrutjot=\dimen257
)
(/usr/share/texmf-dist/tex/latex/paralist/paralist.sty
Package: paralist 2016/08/07 v2.6 Extended list environments
\pltopsep=\skip68
\plpartopsep=\skip69
\plitemsep=\skip70
\plparsep=\skip71
\pl@lab=\toks54
)
(/usr/share/texmf-dist/tex/latex/tools/array.sty
Package: array 2014/10/28 v2.4c Tabular extension package (FMi)
\col@sep=\dimen258
\extrarowheight=\dimen259
\NC@list=\toks55
\extratabsurround=\skip72
\backup@length=\skip73
)
(/usr/share/texmf-dist/tex/latex/fancyvrb/fancyvrb.sty
Package: fancyvrb 2008/02/07

Style option: `fancyvrb' v2.7a, with DG/SPQR fixes, and firstline=lastline fix 
<2008/02/07> (tvz)
\FV@CodeLineNo=\count164
\FV@InFile=\read2
\FV@TabBox=\box44
\c@FancyVerbLine=\count165
\FV@StepNumber=\count166
\FV@OutFile=\write4
) (/usr/share/texmf-dist/tex/latex/changepage/changepage.sty
Package: changepage 2009/10/20 v1.0c check page and change page layout
\c@cp@cntr=\count167
\cp@tempcnt=\count168
))
\@input{listings.inc.aux}
\openout2 = `listings.inc.aux'.

(./listings.inc.tex (/usr/share/texmf-dist/tex/latex/listings/listings.sty
\lst@mode=\count169
\lst@gtempboxa=\box45
\lst@token=\toks56
\lst@length=\count170
\lst@currlwidth=\dimen260
\lst@column=\count171
\lst@pos=\count172
\lst@lostspace=\dimen261
\lst@width=\dimen262
\lst@newlines=\count173
\lst@lineno=\count174
\lst@maxwidth=\dimen263

(/usr/share/texmf-dist/tex/latex/listings/lstmisc.sty
File: lstmisc.sty 2015/06/04 1.6 (Carsten Heinz)
\c@lstnumber=\count175
\lst@skipnumbers=\count176
\lst@framebox=\box46
)
(/usr/share/texmf-dist/tex/latex/listings/listings.cfg
File: listings.cfg 2015/06/04 1.6 listings configuration
))
Package: listings 2015/06/04 1.6 (Carsten Heinz)
)
\@input{macros.inc.aux}
\openout2 = `macros.inc.aux'.

(./macros.inc.tex) (./index.aux (./00-titlepage.aux) (./10-intro.aux)
(./20-main.aux) (./21-main.aux) (./22-main.aux) (./23-main.aux) (./24-main.aux)
(./30-main.aux) (./31-main.aux) (./32-main.aux) (./33-main.aux) (./40-main.aux)
(./41-main.aux) (./42-main.aux) (./50-main.aux) (./51-main.aux) (./52-main.aux)
(./60-conclusion.aux) (./61-biblio.aux))
\openout1 = `index.aux'.

LaTeX Font Info:    Checking defaults for OML/cmm/m/it on input line 15.
LaTeX Font Info:    ... okay on input line 15.
LaTeX Font Info:    Checking defaults for T1/cmr/m/n on input line 15.
LaTeX Font Info:    ... okay on input line 15.
LaTeX Font Info:    Checking defaults for OT1/cmr/m/n on input line 15.
LaTeX Font Info:    ... okay on input line 15.
LaTeX Font Info:    Checking defaults for OMS/cmsy/m/n on input line 15.
LaTeX Font Info:    ... okay on input line 15.
LaTeX Font Info:    Checking defaults for OMX/cmex/m/n on input line 15.
LaTeX Font Info:    ... okay on input line 15.
LaTeX Font Info:    Checking defaults for U/cmr/m/n on input line 15.
LaTeX Font Info:    ... okay on input line 15.
LaTeX Font Info:    Checking defaults for T2A/cmr/m/n on input line 15.
LaTeX Font Info:    ... okay on input line 15.
LaTeX Font Info:    Checking defaults for PD1/pdf/m/n on input line 15.
LaTeX Font Info:    ... okay on input line 15.
LaTeX Font Info:    Checking defaults for PU/pdf/m/n on input line 15.
LaTeX Font Info:    ... okay on input line 15.

(/usr/share/texmf-dist/tex/latex/ucs/ucsencs.def
File: ucsencs.def 2011/01/21 Fixes to fontencodings LGR, T3
)
Package caption Info: Begin \AtBeginDocument code.
Package caption Info: hyperref package is loaded.
Package caption Info: listings package is loaded.
Package caption Info: longtable package is loaded.

(/usr/share/texmf-dist/tex/latex/caption/ltcaption.sty
Package: ltcaption 2013/06/09 v1.4-94 longtable captions (AR)
)
Package caption Info: End \AtBeginDocument code.

*geometry* driver: auto-detecting
*geometry* detected driver: pdftex
*geometry* verbose mode - [ preamble ] result:
* driver: pdftex
* paper: <default>
* layout: <same size as paper>
* layoutoffset:(h,v)=(0.0pt,0.0pt)
* modes: 
* h-part:(L,W,R)=(85.35826pt, 469.47049pt, 42.67912pt)
* v-part:(T,H,B)=(56.9055pt, 731.23584pt, 56.9055pt)
* \paperwidth=597.50787pt
* \paperheight=845.04684pt
* \textwidth=469.47049pt
* \textheight=731.23584pt
* \oddsidemargin=13.08827pt
* \evensidemargin=13.08827pt
* \topmargin=-29.36449pt
* \headheight=14.0pt
* \headsep=0.0pt
* \topskip=14.0pt
* \footskip=30.0pt
* \marginparwidth=15.0pt
* \marginparsep=10.0pt
* \columnsep=10.0pt
* \skip\footins=12.0pt plus 4.0pt minus 2.0pt
* \hoffset=0.0pt
* \voffset=0.0pt
* \mag=1000
* \@twocolumnfalse
* \@twosidefalse
* \@mparswitchfalse
* \@reversemarginfalse
* (1in=72.27pt=25.4mm, 1cm=28.453pt)

\AtBeginShipoutBox=\box47
Package hyperref Info: Link coloring ON on input line 15.
(/usr/share/texmf-dist/tex/latex/hyperref/nameref.sty
Package: nameref 2016/05/21 v2.44 Cross-referencing by name of section

(/usr/share/texmf-dist/tex/generic/oberdiek/gettitlestring.sty
Package: gettitlestring 2016/05/16 v1.5 Cleanup title references (HO)
)
\c@section@level=\count177
)
LaTeX Info: Redefining \ref on input line 15.
LaTeX Info: Redefining \pageref on input line 15.
LaTeX Info: Redefining \nameref on input line 15.
 (./index.out)
(./index.out)
\@outlinefile=\write5
\openout5 = `index.out'.

 (/usr/share/texmf-dist/tex/context/base/mkii/supp-pdf.mkii
[Loading MPS to PDF converter (version 2006.09.02).]
\scratchcounter=\count178
\scratchdimen=\dimen264
\scratchbox=\box48
\nofMPsegments=\count179
\nofMParguments=\count180
\everyMPshowfont=\toks57
\MPscratchCnt=\count181
\MPscratchDim=\dimen265
\MPnumerator=\count182
\makeMPintoPDFobject=\count183
\everyMPtoPDFconversion=\toks58
) (/usr/share/texmf-dist/tex/latex/oberdiek/epstopdf-base.sty
Package: epstopdf-base 2016/05/15 v2.6 Base part for package epstopdf

(/usr/share/texmf-dist/tex/latex/oberdiek/grfext.sty
Package: grfext 2016/05/16 v1.2 Manage graphics extensions (HO)
)
Package epstopdf-base Info: Redefining graphics rule for `.eps' on input line 4
38.
Package grfext Info: Graphics extension search list:
(grfext)             [.png,.pdf,.jpg,.mps,.jpeg,.jbig2,.jb2,.PNG,.PDF,.JPG,.JPE
G,.JBIG2,.JB2,.eps]
(grfext)             \AppendGraphicsExtensions on input line 456.

(/usr/share/texmf-dist/tex/latex/latexconfig/epstopdf-sys.cfg
File: epstopdf-sys.cfg 2010/07/13 v1.3 Configuration of (r)epstopdf for TeX Liv
e
))
ABD: EveryShipout initializing macros
Package pgfplots notification 'compat/show suggested version=true': you might b
enefit from \pgfplotsset{compat=1.14} (current compat level: 1.12).

\c@lstlisting=\count184
\openout2 = `00-titlepage.aux'.

(./00-titlepage.tex (/usr/share/texmf-dist/tex/latex/ucs/data/uni-4.def
File: uni-4.def 2013/05/13 UCS: Unicode data U+0400..U+04FF
)
<assets/bmstu-logo.png, id=241, 319.1925pt x 376.40625pt>
File: assets/bmstu-logo.png Graphic file (type png)

<use assets/bmstu-logo.png>
Package pdftex.def Info: assets/bmstu-logo.png used on input line 9.
(pdftex.def)             Requested size: 191.51697pt x 225.84547pt.
<<ot1.cmap>><<oml.cmap>><<oms.cmap>><<omx.cmap>>
LaTeX Font Info:    Try loading font information for U+msa on input line 24.

(/usr/share/texmf-dist/tex/latex/amsfonts/umsa.fd
File: umsa.fd 2013/01/14 v3.01 AMS symbols A
)
LaTeX Font Info:    Try loading font information for U+msb on input line 24.

(/usr/share/texmf-dist/tex/latex/amsfonts/umsb.fd
File: umsb.fd 2013/01/14 v3.01 AMS symbols B
)
LaTeX Font Info:    Try loading font information for OML+cmr on input line 24.

(/usr/share/texmf-dist/tex/latex/base/omlcmr.fd
File: omlcmr.fd 2014/09/29 v2.5h Standard LaTeX font definitions
)
LaTeX Font Info:    Font shape `OML/cmr/m/n' in size <14.4> not available
(Font)              Font shape `OML/cmm/m/it' tried instead on input line 24.
LaTeX Font Info:    Font shape `OML/cmr/m/n' in size <10> not available
(Font)              Font shape `OML/cmm/m/it' tried instead on input line 24.
LaTeX Font Info:    Font shape `OML/cmr/m/n' in size <7> not available
(Font)              Font shape `OML/cmm/m/it' tried instead on input line 24.
LaTeX Font Info:    Try loading font information for OMS+cmr on input line 24.

(/usr/share/texmf-dist/tex/latex/base/omscmr.fd
File: omscmr.fd 2014/09/29 v2.5h Standard LaTeX font definitions
)
LaTeX Font Info:    Font shape `OMS/cmr/m/n' in size <14.4> not available
(Font)              Font shape `OMS/cmsy/m/n' tried instead on input line 24.
LaTeX Font Info:    Font shape `OMS/cmr/m/n' in size <10> not available
(Font)              Font shape `OMS/cmsy/m/n' tried instead on input line 24.
LaTeX Font Info:    Font shape `OMS/cmr/m/n' in size <7> not available
(Font)              Font shape `OMS/cmsy/m/n' tried instead on input line 24.
LaTeX Font Info:    Try loading font information for PD1+cmr on input line 24.
LaTeX Font Info:    No file PD1cmr.fd. on input line 24.
LaTeX Font Info:    Try loading font information for PU+cmr on input line 24.
LaTeX Font Info:    No file PUcmr.fd. on input line 24.
Package babel Info: Redefining russian shorthand "|
(babel)             in language append on input line 43.
Package babel Info: Redefining russian shorthand "~
(babel)             in language append on input line 43.
Package babel Info: Redefining russian shorthand "|
(babel)             in language append on input line 43.
Package babel Info: Redefining russian shorthand "~
(babel)             in language append on input line 43.
 [1








{/var/lib/texmf/fonts/map/pdftex/updmap/pdftex.map} <./assets/bmstu-logo.png>])
 (./index.toc
Underfull \hbox (badness 1533) in paragraph at lines 29--29
 [][] [][][]\T2A/cmr/m/n/14.4 Метод ко^^?неч^^?ных раз^^?но^^?стей для ре^^?ше^
^?ния од^^?но^^?мер^^?но^^?го 
 []

Package babel Info: Redefining russian shorthand "|
(babel)             in language append on input line 33.
Package babel Info: Redefining russian shorthand "~
(babel)             in language append on input line 33.
Package babel Info: Redefining russian shorthand "|
(babel)             in language append on input line 33.
Package babel Info: Redefining russian shorthand "~
(babel)             in language append on input line 33.
[2
\FN@pp@footnotehinttrue 


])
\tf@toc=\write6
\openout6 = `index.toc'.

Package babel Info: Redefining russian shorthand "|
(babel)             in language append on input line 32.
Package babel Info: Redefining russian shorthand "~
(babel)             in language append on input line 32.
Package babel Info: Redefining russian shorthand "|
(babel)             in language append on input line 32.
Package babel Info: Redefining russian shorthand "~
(babel)             in language append on input line 32.
 [3]
\openout2 = `10-intro.aux'.

 (./10-intro.tex
Package babel Info: Redefining russian shorthand "|
(babel)             in language append on input line 1.
Package babel Info: Redefining russian shorthand "~
(babel)             in language append on input line 1.
)
Package babel Info: Redefining russian shorthand "|
(babel)             in language append on input line 32.
Package babel Info: Redefining russian shorthand "~
(babel)             in language append on input line 32.
Package babel Info: Redefining russian shorthand "|
(babel)             in language append on input line 32.
Package babel Info: Redefining russian shorthand "~
(babel)             in language append on input line 32.
 [4


]
\openout2 = `20-main.aux'.

 (./20-main.tex
Package babel Info: Redefining russian shorthand "|
(babel)             in language append on input line 1.
Package babel Info: Redefining russian shorthand "~
(babel)             in language append on input line 1.
Package babel Info: Redefining russian shorthand "|
(babel)             in language append on input line 2.
Package babel Info: Redefining russian shorthand "~
(babel)             in language append on input line 2.

(/usr/share/texmf-dist/tex/latex/listings/lstlang1.sty
File: lstlang1.sty 2015/06/04 1.6 listings language file
)
Package hyperref Info: bookmark level for unknown lstlisting defaults to 0 on i
nput line 10.

(/usr/share/texmf-dist/tex/latex/ucs/utf8x.def
File: utf8x.def 2004/10/17 UCS: Input encoding UTF-8
)
LaTeX Font Info:    Font shape `OML/cmr/m/n' in size <12> not available
(Font)              Font shape `OML/cmm/m/it' tried instead on input line 11.
LaTeX Font Info:    Font shape `OML/cmr/m/n' in size <8> not available
(Font)              Font shape `OML/cmm/m/it' tried instead on input line 11.
LaTeX Font Info:    Font shape `OML/cmr/m/n' in size <6> not available
(Font)              Font shape `OML/cmm/m/it' tried instead on input line 11.
LaTeX Font Info:    Font shape `OMS/cmr/m/n' in size <12> not available
(Font)              Font shape `OMS/cmsy/m/n' tried instead on input line 11.
LaTeX Font Info:    Font shape `OMS/cmr/m/n' in size <8> not available
(Font)              Font shape `OMS/cmsy/m/n' tried instead on input line 11.
LaTeX Font Info:    Font shape `OMS/cmr/m/n' in size <6> not available
(Font)              Font shape `OMS/cmsy/m/n' tried instead on input line 11.
Package babel Info: Redefining russian shorthand "|
(babel)             in language append on input line 21.
Package babel Info: Redefining russian shorthand "~
(babel)             in language append on input line 21.

<assets/GaAs_E.png, id=349, 441.65pt x 378.41376pt>
File: assets/GaAs_E.png Graphic file (type png)
 <use assets/GaAs_E.png>
Package pdftex.def Info: assets/GaAs_E.png used on input line 26.
(pdftex.def)             Requested size: 211.26028pt x 181.01292pt.

<assets/ZnLaer.png, id=350, 331.2375pt x 345.29pt>
File: assets/ZnLaer.png Graphic file (type png)
 <use assets/ZnLaer.png>
Package pdftex.def Info: assets/ZnLaer.png used on input line 32.
(pdftex.def)             Requested size: 169.00887pt x 176.17986pt.


LaTeX Warning: `h' float specifier changed to `ht'.

Package babel Info: Redefining russian shorthand "|
(babel)             in language append on input line 37.
Package babel Info: Redefining russian shorthand "~
(babel)             in language append on input line 37.
<assets/Zone.png, id=352, 1343.0175pt x 525.965pt>
File: assets/Zone.png Graphic file (type png)
 <use assets/Zone.png>
Package pdftex.def Info: assets/Zone.png used on input line 41.
(pdftex.def)             Requested size: 469.47049pt x 183.85776pt.

(/usr/share/texmf-dist/tex/latex/ucs/data/uni-34.def
File: uni-34.def 2013/05/13 UCS: Unicode data U+2200..U+22FF
)
Package babel Info: Redefining russian shorthand "|
(babel)             in language append on input line 54.
Package babel Info: Redefining russian shorthand "~
(babel)             in language append on input line 54.
Package babel Info: Redefining russian shorthand "|
(babel)             in language append on input line 54.
Package babel Info: Redefining russian shorthand "~
(babel)             in language append on input line 54.
 [5



]
Package babel Info: Redefining russian shorthand "|
(babel)             in language append on input line 54.
Package babel Info: Redefining russian shorthand "~
(babel)             in language append on input line 54.
Package babel Info: Redefining russian shorthand "|
(babel)             in language append on input line 54.
Package babel Info: Redefining russian shorthand "~
(babel)             in language append on input line 54.
 [6 <./assets/GaAs_E.png> <./assets/ZnLaer.png (PNG copy)> <./assets/Zone.png>]

Overfull \hbox (12.0pt too wide) in alignment at lines 55--60
[] [] 
 []


Overfull \hbox (12.0pt too wide) in alignment at lines 60--62
[] [] 
 []


Overfull \hbox (12.0pt too wide) in alignment at lines 62--64
[] [] 
 []


Overfull \hbox (12.0pt too wide) in alignment at lines 64--65
[] [] 
 []


Overfull \hbox (12.0pt too wide) in alignment at lines 65--75
[] [] 
 []

Package babel Info: Redefining russian shorthand "|
(babel)             in language append on input line 78.
Package babel Info: Redefining russian shorthand "~
(babel)             in language append on input line 78.
Package babel Info: Redefining russian shorthand "|
(babel)             in language append on input line 111.
Package babel Info: Redefining russian shorthand "~
(babel)             in language append on input line 111.
Package babel Info: Redefining russian shorthand "|
(babel)             in language append on input line 111.
Package babel Info: Redefining russian shorthand "~
(babel)             in language append on input line 111.
[7]
Package babel Info: Redefining russian shorthand "|
(babel)             in language append on input line 120.
Package babel Info: Redefining russian shorthand "~
(babel)             in language append on input line 120.
 <assets/FD.png, id=406, 1190.94937pt x 670.75594pt>
File: assets/FD.png Graphic file (type png)
 <use assets/FD.png>
Package pdftex.def Info: assets/FD.png used on input line 135.
(pdftex.def)             Requested size: 464.77835pt x 261.76775pt.

Underfull \hbox (badness 1286) in paragraph at lines 124--139
\T2A/cmr/m/n/14.4 Фи^^?зи^^?че^^?ский смысл ста^^?ти^^?сти^^?ки Ферми-^^?Дира^^
?ка: ве^^?ро^^?ят^^?ность элек^^?тро^^?на
 []


Underfull \hbox (badness 10000) in paragraph at lines 144--148

 []

Package babel Info: Redefining russian shorthand "|
(babel)             in language append on input line 148.
Package babel Info: Redefining russian shorthand "~
(babel)             in language append on input line 148.
Package babel Info: Redefining russian shorthand "|
(babel)             in language append on input line 148.
Package babel Info: Redefining russian shorthand "~
(babel)             in language append on input line 148.
[8]
Package babel Info: Redefining russian shorthand "|
(babel)             in language append on input line 148.
Package babel Info: Redefining russian shorthand "~
(babel)             in language append on input line 148.

Underfull \hbox (badness 10000) in paragraph at lines 157--163

 []


Underfull \hbox (badness 10000) in paragraph at lines 168--174

 []

Package babel Info: Redefining russian shorthand "|
(babel)             in language append on input line 181.
Package babel Info: Redefining russian shorthand "~
(babel)             in language append on input line 181.
Package babel Info: Redefining russian shorthand "|
(babel)             in language append on input line 181.
Package babel Info: Redefining russian shorthand "~
(babel)             in language append on input line 181.
[9]
Underfull \hbox (badness 10000) in paragraph at lines 181--188

 []

Package babel Info: Redefining russian shorthand "|
(babel)             in language append on input line 191.
Package babel Info: Redefining russian shorthand "~
(babel)             in language append on input line 191.

Underfull \hbox (badness 10000) in paragraph at lines 203--209

 []

Package babel Info: Redefining russian shorthand "|
(babel)             in language append on input line 215.
Package babel Info: Redefining russian shorthand "~
(babel)             in language append on input line 215.
Package babel Info: Redefining russian shorthand "|
(babel)             in language append on input line 215.
Package babel Info: Redefining russian shorthand "~
(babel)             in language append on input line 215.
[10])
Package babel Info: Redefining russian shorthand "|
(babel)             in language append on input line 35.
Package babel Info: Redefining russian shorthand "~
(babel)             in language append on input line 35.
Package babel Info: Redefining russian shorthand "|
(babel)             in language append on input line 35.
Package babel Info: Redefining russian shorthand "~
(babel)             in language append on input line 35.
 [11]
Package babel Info: Redefining russian shorthand "|
(babel)             in language append on input line 35.
Package babel Info: Redefining russian shorthand "~
(babel)             in language append on input line 35.
Package babel Info: Redefining russian shorthand "|
(babel)             in language append on input line 35.
Package babel Info: Redefining russian shorthand "~
(babel)             in language append on input line 35.
 [12 <./assets/FD.png (PNG copy)>]
\openout2 = `21-main.aux'.

 (./21-main.tex
Package babel Info: Redefining russian shorthand "|
(babel)             in language append on input line 1.
Package babel Info: Redefining russian shorthand "~
(babel)             in language append on input line 1.

(/usr/share/texmf-dist/tex/latex/ucs/data/uni-32.def
File: uni-32.def 2013/05/13 UCS: Unicode data U+2000..U+20FF
)
Underfull \hbox (badness 10000) in paragraph at lines 2--3

 []


Overfull \hbox (12.0pt too wide) in alignment at lines 14--19
[] [] [] [] 
 []


Overfull \hbox (12.0pt too wide) in alignment at lines 19--21
[] [] [] [] 
 []


Overfull \hbox (12.0pt too wide) in alignment at lines 21--23
[] [] [] [] 
 []


Overfull \hbox (12.0pt too wide) in alignment at lines 23--24
[] [] [] [] 
 []


Overfull \hbox (12.0pt too wide) in alignment at lines 24--32
[] [] [] [] 
 []

<assets/gE.png, id=458, 1169.87062pt x 666.23906pt>
File: assets/gE.png Graphic file (type png)
 <use assets/gE.png>
Package pdftex.def Info: assets/gE.png used on input line 37.
(pdftex.def)             Requested size: 469.47049pt x 267.36517pt.


LaTeX Warning: `h' float specifier changed to `ht'.

Package babel Info: Redefining russian shorthand "|
(babel)             in language append on input line 42.
Package babel Info: Redefining russian shorthand "~
(babel)             in language append on input line 42.
<assets/3DBulk.png, id=460, 423.5825pt x 341.275pt>
File: assets/3DBulk.png Graphic file (type png)
 <use assets/3DBulk.png>
Package pdftex.def Info: assets/3DBulk.png used on input line 46.
(pdftex.def)             Requested size: 211.79073pt x 170.63707pt.
Package babel Info: Redefining russian shorthand "|
(babel)             in language append on input line 50.
Package babel Info: Redefining russian shorthand "~
(babel)             in language append on input line 50.
Package babel Info: Redefining russian shorthand "|
(babel)             in language append on input line 50.
Package babel Info: Redefining russian shorthand "~
(babel)             in language append on input line 50.

[13


]
Package babel Info: Redefining russian shorthand "|
(babel)             in language append on input line 56.
Package babel Info: Redefining russian shorthand "~
(babel)             in language append on input line 56.
Package babel Info: Redefining russian shorthand "|
(babel)             in language append on input line 56.
Package babel Info: Redefining russian shorthand "~
(babel)             in language append on input line 56.
 [14 <./assets/gE.png (PNG copy)> <./assets/3DBulk.png>]
Package babel Info: Redefining russian shorthand "|
(babel)             in language append on input line 58.
Package babel Info: Redefining russian shorthand "~
(babel)             in language append on input line 58.

<assets/2DWire.png, id=480, 459.7175pt x 421.575pt>
File: assets/2DWire.png Graphic file (type png)
 <use assets/2DWire.png>
Package pdftex.def Info: assets/2DWire.png used on input line 62.
(pdftex.def)             Requested size: 229.85818pt x 210.78697pt.
Package babel Info: Redefining russian shorthand "|
(babel)             in language append on input line 72.
Package babel Info: Redefining russian shorthand "~
(babel)             in language append on input line 72.

<assets/1Ddot.png, id=482, 299.1175pt x 102.3825pt>
File: assets/1Ddot.png Graphic file (type png)
 <use assets/1Ddot.png>
Package pdftex.def Info: assets/1Ddot.png used on input line 76.
(pdftex.def)             Requested size: 149.55838pt x 51.19112pt.


LaTeX Warning: `h' float specifier changed to `ht'.

)
Package babel Info: Redefining russian shorthand "|
(babel)             in language append on input line 36.
Package babel Info: Redefining russian shorthand "~
(babel)             in language append on input line 36.
Package babel Info: Redefining russian shorthand "|
(babel)             in language append on input line 36.
Package babel Info: Redefining russian shorthand "~
(babel)             in language append on input line 36.
 [15 <./assets/2DWire.png>]
Package babel Info: Redefining russian shorthand "|
(babel)             in language append on input line 36.
Package babel Info: Redefining russian shorthand "~
(babel)             in language append on input line 36.
Package babel Info: Redefining russian shorthand "|
(babel)             in language append on input line 36.
Package babel Info: Redefining russian shorthand "~
(babel)             in language append on input line 36.
 [16 <./assets/1Ddot.png>]
\openout2 = `22-main.aux'.

 (./22-main.tex
Package babel Info: Redefining russian shorthand "|
(babel)             in language append on input line 1.
Package babel Info: Redefining russian shorthand "~
(babel)             in language append on input line 1.
Package babel Info: Redefining russian shorthand "|
(babel)             in language append on input line 15.
Package babel Info: Redefining russian shorthand "~
(babel)             in language append on input line 15.


LaTeX Warning: Reference `fig:Anderson' on page 17 undefined on input line 16.

<assets/HJ.png, id=496, 1146.2825pt x 546.04pt>
File: assets/HJ.png Graphic file (type png)
 <use assets/HJ.png>
Package pdftex.def Info: assets/HJ.png used on input line 20.
(pdftex.def)             Requested size: 422.52057pt x 201.27344pt.
Package babel Info: Redefining russian shorthand "|
(babel)             in language append on input line 27.
Package babel Info: Redefining russian shorthand "~
(babel)             in language append on input line 27.
Package babel Info: Redefining russian shorthand "|
(babel)             in language append on input line 27.
Package babel Info: Redefining russian shorthand "~
(babel)             in language append on input line 27.
 [17


 <./assets/HJ.png>]
Package babel Info: Redefining russian shorthand "|
(babel)             in language append on input line 31.
Package babel Info: Redefining russian shorthand "~
(babel)             in language append on input line 31.
 <assets/rtgs.png, id=512, 596.2275pt x 363.3575pt>
File: assets/rtgs.png Graphic file (type png)

<use assets/rtgs.png>
Package pdftex.def Info: assets/rtgs.png used on input line 47.
(pdftex.def)             Requested size: 281.68515pt x 171.66513pt.
Package babel Info: Redefining russian shorthand "|
(babel)             in language append on input line 54.
Package babel Info: Redefining russian shorthand "~
(babel)             in language append on input line 54.
Package babel Info: Redefining russian shorthand "|
(babel)             in language append on input line 54.
Package babel Info: Redefining russian shorthand "~
(babel)             in language append on input line 54.
 [18 <./assets/rtgs.png>]
Package babel Info: Redefining russian shorthand "|
(babel)             in language append on input line 60.
Package babel Info: Redefining russian shorthand "~
(babel)             in language append on input line 60.


Package hyperref Warning: Token not allowed in a PDF string (Unicode):
(hyperref)                removing `math shift' on input line 60.


Package hyperref Warning: Token not allowed in a PDF string (Unicode):
(hyperref)                removing `subscript' on input line 60.


Package hyperref Warning: Token not allowed in a PDF string (Unicode):
(hyperref)                removing `subscript' on input line 60.


Package hyperref Warning: Token not allowed in a PDF string (Unicode):
(hyperref)                removing `math shift' on input line 60.


LaTeX Warning: Reference `tab:AlGaAs' on page 19 undefined on input line 61.

<assets/rtgsAlGaAs.png, id=527, 845.1575pt x 363.3575pt>
File: assets/rtgsAlGaAs.png Graphic file (type png)

<use assets/rtgsAlGaAs.png>
Package pdftex.def Info: assets/rtgsAlGaAs.png used on input line 65.
(pdftex.def)             Requested size: 464.77835pt x 199.82506pt.


LaTeX Warning: `h' float specifier changed to `ht'.

<assets/DifCloseAlGaAs.png, id=528, 754.82pt x 327.2225pt>
File: assets/DifCloseAlGaAs.png Graphic file (type png)

<use assets/DifCloseAlGaAs.png>
Package pdftex.def Info: assets/DifCloseAlGaAs.png used on input line 73.
(pdftex.def)             Requested size: 464.77835pt x 201.4878pt.


LaTeX Warning: `h' float specifier changed to `ht'.

)
Package babel Info: Redefining russian shorthand "|
(babel)             in language append on input line 37.
Package babel Info: Redefining russian shorthand "~
(babel)             in language append on input line 37.
Package babel Info: Redefining russian shorthand "|
(babel)             in language append on input line 37.
Package babel Info: Redefining russian shorthand "~
(babel)             in language append on input line 37.
 [19]
Package babel Info: Redefining russian shorthand "|
(babel)             in language append on input line 37.
Package babel Info: Redefining russian shorthand "~
(babel)             in language append on input line 37.
Package babel Info: Redefining russian shorthand "|
(babel)             in language append on input line 37.
Package babel Info: Redefining russian shorthand "~
(babel)             in language append on input line 37.
 [20 <./assets/rtgsAlGaAs.png> <./assets/DifCloseAlGaAs.png>]
\openout2 = `23-main.aux'.


(./23-main.tex
Package babel Info: Redefining russian shorthand "|
(babel)             in language append on input line 1.
Package babel Info: Redefining russian shorthand "~
(babel)             in language append on input line 1.
Package babel Info: Redefining russian shorthand "|
(babel)             in language append on input line 29.
Package babel Info: Redefining russian shorthand "~
(babel)             in language append on input line 29.
Package babel Info: Redefining russian shorthand "|
(babel)             in language append on input line 34.
Package babel Info: Redefining russian shorthand "~
(babel)             in language append on input line 34.
Package babel Info: Redefining russian shorthand "|
(babel)             in language append on input line 39.
Package babel Info: Redefining russian shorthand "~
(babel)             in language append on input line 39.
Package babel Info: Redefining russian shorthand "|
(babel)             in language append on input line 39.
Package babel Info: Redefining russian shorthand "~
(babel)             in language append on input line 39.
 [21


]
Package babel Info: Redefining russian shorthand "|
(babel)             in language append on input line 47.
Package babel Info: Redefining russian shorthand "~
(babel)             in language append on input line 47.
Package babel Info: Redefining russian shorthand "|
(babel)             in language append on input line 55.
Package babel Info: Redefining russian shorthand "~
(babel)             in language append on input line 55.
Package babel Info: Redefining russian shorthand "|
(babel)             in language append on input line 93.
Package babel Info: Redefining russian shorthand "~
(babel)             in language append on input line 93.
Package babel Info: Redefining russian shorthand "|
(babel)             in language append on input line 93.
Package babel Info: Redefining russian shorthand "~
(babel)             in language append on input line 93.
 [22]
Underfull \hbox (badness 10000) in paragraph at lines 93--98

 []

)
Package babel Info: Redefining russian shorthand "|
(babel)             in language append on input line 38.
Package babel Info: Redefining russian shorthand "~
(babel)             in language append on input line 38.
Package babel Info: Redefining russian shorthand "|
(babel)             in language append on input line 38.
Package babel Info: Redefining russian shorthand "~
(babel)             in language append on input line 38.
 [23]
\openout2 = `24-main.aux'.

 (./24-main.tex
Package babel Info: Redefining russian shorthand "|
(babel)             in language append on input line 1.
Package babel Info: Redefining russian shorthand "~
(babel)             in language append on input line 1.

Underfull \hbox (badness 10000) in paragraph at lines 6--17

 []


Underfull \hbox (badness 10000) in paragraph at lines 19--25

 []

Package babel Info: Redefining russian shorthand "|
(babel)             in language append on input line 48.
Package babel Info: Redefining russian shorthand "~
(babel)             in language append on input line 48.
Package babel Info: Redefining russian shorthand "|
(babel)             in language append on input line 48.
Package babel Info: Redefining russian shorthand "~
(babel)             in language append on input line 48.
[24


]
Underfull \hbox (badness 10000) in paragraph at lines 48--54

 []

Package babel Info: Redefining russian shorthand "|
(babel)             in language append on input line 54.
Package babel Info: Redefining russian shorthand "~
(babel)             in language append on input line 54.

Underfull \hbox (badness 10000) in paragraph at lines 58--69

 []

Package babel Info: Redefining russian shorthand "|
(babel)             in language append on input line 75.
Package babel Info: Redefining russian shorthand "~
(babel)             in language append on input line 75.
Package babel Info: Redefining russian shorthand "|
(babel)             in language append on input line 75.
Package babel Info: Redefining russian shorthand "~
(babel)             in language append on input line 75.
[25]
Package babel Info: Redefining russian shorthand "|
(babel)             in language append on input line 110.
Package babel Info: Redefining russian shorthand "~
(babel)             in language append on input line 110.

Underfull \hbox (badness 10000) in paragraph at lines 115--124

 []

Package babel Info: Redefining russian shorthand "|
(babel)             in language append on input line 124.
Package babel Info: Redefining russian shorthand "~
(babel)             in language append on input line 124.
Package babel Info: Redefining russian shorthand "|
(babel)             in language append on input line 124.
Package babel Info: Redefining russian shorthand "~
(babel)             in language append on input line 124.
[26]
Underfull \hbox (badness 10000) in paragraph at lines 131--137

 []


Underfull \hbox (badness 10000) in paragraph at lines 141--146

 []

Package babel Info: Redefining russian shorthand "|
(babel)             in language append on input line 156.
Package babel Info: Redefining russian shorthand "~
(babel)             in language append on input line 156.
Package babel Info: Redefining russian shorthand "|
(babel)             in language append on input line 156.
Package babel Info: Redefining russian shorthand "~
(babel)             in language append on input line 156.
[27])
Package babel Info: Redefining russian shorthand "|
(babel)             in language append on input line 39.
Package babel Info: Redefining russian shorthand "~
(babel)             in language append on input line 39.
Package babel Info: Redefining russian shorthand "|
(babel)             in language append on input line 39.
Package babel Info: Redefining russian shorthand "~
(babel)             in language append on input line 39.
 [28]
\openout2 = `30-main.aux'.

 (./30-main.tex
Package babel Info: Redefining russian shorthand "|
(babel)             in language append on input line 1.
Package babel Info: Redefining russian shorthand "~
(babel)             in language append on input line 1.
Package babel Info: Redefining russian shorthand "|
(babel)             in language append on input line 3.
Package babel Info: Redefining russian shorthand "~
(babel)             in language append on input line 3.

Underfull \hbox (badness 10000) in paragraph at lines 9--15

 []


LaTeX Warning: Reference `eq:F2' on page 29 undefined on input line 23.


Underfull \hbox (badness 10000) in paragraph at lines 30--34

 []

<assets/Diffusion.png, id=622, 891.33pt x 529.98pt>
File: assets/Diffusion.png Graphic file (type png)
 <use assets/Diffusion.png>
Package pdftex.def Info: assets/Diffusion.png used on input line 38.
(pdftex.def)             Requested size: 422.52057pt x 251.22554pt.
)
Package babel Info: Redefining russian shorthand "|
(babel)             in language append on input line 41.
Package babel Info: Redefining russian shorthand "~
(babel)             in language append on input line 41.
Package babel Info: Redefining russian shorthand "|
(babel)             in language append on input line 41.
Package babel Info: Redefining russian shorthand "~
(babel)             in language append on input line 41.
[29



]
Package babel Info: Redefining russian shorthand "|
(babel)             in language append on input line 41.
Package babel Info: Redefining russian shorthand "~
(babel)             in language append on input line 41.
Package babel Info: Redefining russian shorthand "|
(babel)             in language append on input line 41.
Package babel Info: Redefining russian shorthand "~
(babel)             in language append on input line 41.
 [30 <./assets/Diffusion.png>]
\openout2 = `31-main.aux'.

 (./31-main.tex
Package babel Info: Redefining russian shorthand "|
(babel)             in language append on input line 1.
Package babel Info: Redefining russian shorthand "~
(babel)             in language append on input line 1.
Package babel Info: Redefining russian shorthand "|
(babel)             in language append on input line 2.
Package babel Info: Redefining russian shorthand "~
(babel)             in language append on input line 2.
Package babel Info: Redefining russian shorthand "|
(babel)             in language append on input line 38.
Package babel Info: Redefining russian shorthand "~
(babel)             in language append on input line 38.
Package babel Info: Redefining russian shorthand "|
(babel)             in language append on input line 38.
Package babel Info: Redefining russian shorthand "~
(babel)             in language append on input line 38.
 [31


]
<assets/CD.png, id=656, 618.31pt x 349.305pt>
File: assets/CD.png Graphic file (type png)
 <use assets/CD.png>
Package pdftex.def Info: assets/CD.png used on input line 60.
(pdftex.def)             Requested size: 422.52057pt x 238.70216pt.

<assets/OD.png, id=657, 919.435pt x 357.335pt>
File: assets/OD.png Graphic file (type png)
 <use assets/OD.png>
Package pdftex.def Info: assets/OD.png used on input line 67.
(pdftex.def)             Requested size: 375.57782pt x 145.96849pt.
Package babel Info: Redefining russian shorthand "|
(babel)             in language append on input line 86.
Package babel Info: Redefining russian shorthand "~
(babel)             in language append on input line 86.
Package babel Info: Redefining russian shorthand "|
(babel)             in language append on input line 86.
Package babel Info: Redefining russian shorthand "~
(babel)             in language append on input line 86.
 [32 <./assets/CD.png> <./assets/OD.png>]
Package babel Info: Redefining russian shorthand "|
(babel)             in language append on input line 105.
Package babel Info: Redefining russian shorthand "~
(babel)             in language append on input line 105.
Package babel Info: Redefining russian shorthand "|
(babel)             in language append on input line 128.
Package babel Info: Redefining russian shorthand "~
(babel)             in language append on input line 128.
Package babel Info: Redefining russian shorthand "|
(babel)             in language append on input line 128.
Package babel Info: Redefining russian shorthand "~
(babel)             in language append on input line 128.
 [33])
Package babel Info: Redefining russian shorthand "|
(babel)             in language append on input line 42.
Package babel Info: Redefining russian shorthand "~
(babel)             in language append on input line 42.
Package babel Info: Redefining russian shorthand "|
(babel)             in language append on input line 42.
Package babel Info: Redefining russian shorthand "~
(babel)             in language append on input line 42.
 [34]
\openout2 = `32-main.aux'.

 (./32-main.tex
Package babel Info: Redefining russian shorthand "|
(babel)             in language append on input line 1.
Package babel Info: Redefining russian shorthand "~
(babel)             in language append on input line 1.

Underfull \hbox (badness 10000) in paragraph at lines 5--13

 []

<assets/RTHSModel.png, id=692, 1969.3575pt x 738.76pt>
File: assets/RTHSModel.png Graphic file (type png)

<use assets/RTHSModel.png>
Package pdftex.def Info: assets/RTHSModel.png used on input line 16.
(pdftex.def)             Requested size: 507.02898pt x 190.19054pt.

Overfull \hbox (37.55849pt too wide) in paragraph at lines 16--17
 [][] 
 []

)
Package babel Info: Redefining russian shorthand "|
(babel)             in language append on input line 43.
Package babel Info: Redefining russian shorthand "~
(babel)             in language append on input line 43.
Package babel Info: Redefining russian shorthand "|
(babel)             in language append on input line 43.
Package babel Info: Redefining russian shorthand "~
(babel)             in language append on input line 43.
 [35


 <./assets/RTHSModel.png>]
Package babel Info: Redefining russian shorthand "|
(babel)             in language append on input line 43.
Package babel Info: Redefining russian shorthand "~
(babel)             in language append on input line 43.
Package babel Info: Redefining russian shorthand "|
(babel)             in language append on input line 43.
Package babel Info: Redefining russian shorthand "~
(babel)             in language append on input line 43.
 [36]
\openout2 = `33-main.aux'.

 (./33-main.tex
Package babel Info: Redefining russian shorthand "|
(babel)             in language append on input line 1.
Package babel Info: Redefining russian shorthand "~
(babel)             in language append on input line 1.
Package babel Info: Redefining russian shorthand "|
(babel)             in language append on input line 46.
Package babel Info: Redefining russian shorthand "~
(babel)             in language append on input line 46.
Package babel Info: Redefining russian shorthand "|
(babel)             in language append on input line 46.
Package babel Info: Redefining russian shorthand "~
(babel)             in language append on input line 46.
 [37


])
Package babel Info: Redefining russian shorthand "|
(babel)             in language append on input line 44.
Package babel Info: Redefining russian shorthand "~
(babel)             in language append on input line 44.
Package babel Info: Redefining russian shorthand "|
(babel)             in language append on input line 44.
Package babel Info: Redefining russian shorthand "~
(babel)             in language append on input line 44.
 [38]
\openout2 = `40-main.aux'.

 (./40-main.tex
LaTeX Font Info:    Font shape `OML/cmr/m/n' in size <17.28> not available
(Font)              Font shape `OML/cmm/m/it' tried instead on input line 1.
LaTeX Font Info:    Font shape `OMS/cmr/m/n' in size <17.28> not available
(Font)              Font shape `OMS/cmsy/m/n' tried instead on input line 1.

Underfull \hbox (badness 1931) in paragraph at lines 1--1
[]\T2A/cmr/bx/n/17.28 Исследование па^^?ра^^?мет^^?ров РТГС на ос^^?но^^?ве
 []

Package babel Info: Redefining russian shorthand "|
(babel)             in language append on input line 1.
Package babel Info: Redefining russian shorthand "~
(babel)             in language append on input line 1.

Package hyperref Warning: Token not allowed in a PDF string (Unicode):
(hyperref)                removing `math shift' on input line 1.


Package hyperref Warning: Token not allowed in a PDF string (Unicode):
(hyperref)                removing `subscript' on input line 1.


Package hyperref Warning: Token not allowed in a PDF string (Unicode):
(hyperref)                removing `subscript' on input line 1.


Package hyperref Warning: Token not allowed in a PDF string (Unicode):
(hyperref)                removing `math shift' on input line 1.

Package babel Info: Redefining russian shorthand "|
(babel)             in language append on input line 10.
Package babel Info: Redefining russian shorthand "~
(babel)             in language append on input line 10.

Underfull \hbox (badness 10000) in paragraph at lines 18--25

 []

Package babel Info: Redefining russian shorthand "|
(babel)             in language append on input line 33.
Package babel Info: Redefining russian shorthand "~
(babel)             in language append on input line 33.
Package babel Info: Redefining russian shorthand "|
(babel)             in language append on input line 33.
Package babel Info: Redefining russian shorthand "~
(babel)             in language append on input line 33.
[39



]
Package babel Info: Redefining russian shorthand "|
(babel)             in language append on input line 33.
Package babel Info: Redefining russian shorthand "~
(babel)             in language append on input line 33.
Package babel Info: Redefining russian shorthand "|
(babel)             in language append on input line 44.
Package babel Info: Redefining russian shorthand "~
(babel)             in language append on input line 44.
 <assets/qwt.png, id=742, 1020.81375pt x 488.57532pt>
File: assets/qwt.png Graphic file (type png)
 <use assets/qwt.png>
Package pdftex.def Info: assets/qwt.png used on input line 47.
(pdftex.def)             Requested size: 469.47049pt x 224.69519pt.
Package babel Info: Redefining russian shorthand "|
(babel)             in language append on input line 54.
Package babel Info: Redefining russian shorthand "~
(babel)             in language append on input line 54.
Package babel Info: Redefining russian shorthand "|
(babel)             in language append on input line 54.
Package babel Info: Redefining russian shorthand "~
(babel)             in language append on input line 54.

[40 <./assets/qwt.png (PNG copy)>]
Package babel Info: Redefining russian shorthand "|
(babel)             in language append on input line 54.
Package babel Info: Redefining russian shorthand "~
(babel)             in language append on input line 54.

<assets/qwj.png, id=753, 851.43094pt x 467.49657pt>
File: assets/qwj.png Graphic file (type png)
 <use assets/qwj.png>
Package pdftex.def Info: assets/qwj.png used on input line 57.
(pdftex.def)             Requested size: 469.47049pt x 257.77304pt.
Package babel Info: Redefining russian shorthand "|
(babel)             in language append on input line 64.
Package babel Info: Redefining russian shorthand "~
(babel)             in language append on input line 64.
Package babel Info: Redefining russian shorthand "|
(babel)             in language append on input line 70.
Package babel Info: Redefining russian shorthand "~
(babel)             in language append on input line 70.
Package babel Info: Redefining russian shorthand "|
(babel)             in language append on input line 70.
Package babel Info: Redefining russian shorthand "~
(babel)             in language append on input line 70.

[41 <./assets/qwj.png (PNG copy)>]
Package babel Info: Redefining russian shorthand "|
(babel)             in language append on input line 75.
Package babel Info: Redefining russian shorthand "~
(babel)             in language append on input line 75.

<assets/qwwt.png, id=763, 1177.39874pt x 666.99188pt>
File: assets/qwwt.png Graphic file (type png)
 <use assets/qwwt.png>
Package pdftex.def Info: assets/qwwt.png used on input line 78.
(pdftex.def)             Requested size: 422.52057pt x 239.35358pt.
Package babel Info: Redefining russian shorthand "|
(babel)             in language append on input line 84.
Package babel Info: Redefining russian shorthand "~
(babel)             in language append on input line 84.

<assets/qwwj.png, id=765, 852.18375pt x 469.755pt>
File: assets/qwwj.png Graphic file (type png)
 <use assets/qwwj.png>
Package pdftex.def Info: assets/qwwj.png used on input line 89.
(pdftex.def)             Requested size: 422.52057pt x 232.91292pt.


LaTeX Warning: `!h' float specifier changed to `!ht'.

Package babel Info: Redefining russian shorthand "|
(babel)             in language append on input line 94.
Package babel Info: Redefining russian shorthand "~
(babel)             in language append on input line 94.
)
Package babel Info: Redefining russian shorthand "|
(babel)             in language append on input line 46.
Package babel Info: Redefining russian shorthand "~
(babel)             in language append on input line 46.
Package babel Info: Redefining russian shorthand "|
(babel)             in language append on input line 46.
Package babel Info: Redefining russian shorthand "~
(babel)             in language append on input line 46.
 [42 <./assets/qwwt.png (PNG copy)>]
Package babel Info: Redefining russian shorthand "|
(babel)             in language append on input line 46.
Package babel Info: Redefining russian shorthand "~
(babel)             in language append on input line 46.
Package babel Info: Redefining russian shorthand "|
(babel)             in language append on input line 46.
Package babel Info: Redefining russian shorthand "~
(babel)             in language append on input line 46.
 [43 <./assets/qwwj.png (PNG copy)>]
\openout2 = `41-main.aux'.


(./41-main.tex
Package babel Info: Redefining russian shorthand "|
(babel)             in language append on input line 1.
Package babel Info: Redefining russian shorthand "~
(babel)             in language append on input line 1.
Package babel Info: Redefining russian shorthand "|
(babel)             in language append on input line 3.
Package babel Info: Redefining russian shorthand "~
(babel)             in language append on input line 3.
Package babel Info: Redefining russian shorthand "|
(babel)             in language append on input line 14.
Package babel Info: Redefining russian shorthand "~
(babel)             in language append on input line 14.
 <assets/qbwt.png, id=781, 1020.81375pt x 488.57532pt>
File: assets/qbwt.png Graphic file (type png)

<use assets/qbwt.png>
Package pdftex.def Info: assets/qbwt.png used on input line 17.
(pdftex.def)             Requested size: 469.47049pt x 224.69519pt.
Package babel Info: Redefining russian shorthand "|
(babel)             in language append on input line 24.
Package babel Info: Redefining russian shorthand "~
(babel)             in language append on input line 24.
 <assets/qbwj.png, id=783, 1437.87187pt x 723.45282pt>
File: assets/qbwj.png Graphic file (type png)

<use assets/qbwj.png>
Package pdftex.def Info: assets/qbwj.png used on input line 28.
(pdftex.def)             Requested size: 469.47049pt x 236.21223pt.


LaTeX Warning: `h' float specifier changed to `ht'.

Package babel Info: Redefining russian shorthand "|
(babel)             in language append on input line 33.
Package babel Info: Redefining russian shorthand "~
(babel)             in language append on input line 33.
)
Package babel Info: Redefining russian shorthand "|
(babel)             in language append on input line 47.
Package babel Info: Redefining russian shorthand "~
(babel)             in language append on input line 47.
Package babel Info: Redefining russian shorthand "|
(babel)             in language append on input line 47.
Package babel Info: Redefining russian shorthand "~
(babel)             in language append on input line 47.
 [44


 <./assets/qbwt.png (PNG copy)>]
Package babel Info: Redefining russian shorthand "|
(babel)             in language append on input line 47.
Package babel Info: Redefining russian shorthand "~
(babel)             in language append on input line 47.
Package babel Info: Redefining russian shorthand "|
(babel)             in language append on input line 47.
Package babel Info: Redefining russian shorthand "~
(babel)             in language append on input line 47.
 [45 <./assets/qbwj.png (PNG copy)>]
\openout2 = `42-main.aux'.


(./42-main.tex
Package babel Info: Redefining russian shorthand "|
(babel)             in language append on input line 1.
Package babel Info: Redefining russian shorthand "~
(babel)             in language append on input line 1.
Package babel Info: Redefining russian shorthand "|
(babel)             in language append on input line 3.
Package babel Info: Redefining russian shorthand "~
(babel)             in language append on input line 3.
Package babel Info: Redefining russian shorthand "|
(babel)             in language append on input line 11.
Package babel Info: Redefining russian shorthand "~
(babel)             in language append on input line 11.
 <assets/qslt.png, id=798, 1437.87187pt x 723.45282pt>
File: assets/qslt.png Graphic file (type png)

<use assets/qslt.png>
Package pdftex.def Info: assets/qslt.png used on input line 15.
(pdftex.def)             Requested size: 469.47049pt x 236.21223pt.
Package babel Info: Redefining russian shorthand "|
(babel)             in language append on input line 22.
Package babel Info: Redefining russian shorthand "~
(babel)             in language append on input line 22.
 <assets/qslj.png, id=799, 1437.87187pt x 723.45282pt>
File: assets/qslj.png Graphic file (type png)

<use assets/qslj.png>
Package pdftex.def Info: assets/qslj.png used on input line 27.
(pdftex.def)             Requested size: 422.52057pt x 212.5888pt.
Package babel Info: Redefining russian shorthand "|
(babel)             in language append on input line 30.
Package babel Info: Redefining russian shorthand "~
(babel)             in language append on input line 30.
Package babel Info: Redefining russian shorthand "|
(babel)             in language append on input line 30.
Package babel Info: Redefining russian shorthand "~
(babel)             in language append on input line 30.
 [46


 <./assets/qslt.png (PNG copy)>]
Package babel Info: Redefining russian shorthand "|
(babel)             in language append on input line 33.
Package babel Info: Redefining russian shorthand "~
(babel)             in language append on input line 33.

<assets/qslqj.png, id=805, 1437.87187pt x 723.45282pt>
File: assets/qslqj.png Graphic file (type png)
 <use assets/qslqj.png>
Package pdftex.def Info: assets/qslqj.png used on input line 38.
(pdftex.def)             Requested size: 422.52057pt x 212.5888pt.
Package babel Info: Redefining russian shorthand "|
(babel)             in language append on input line 43.
Package babel Info: Redefining russian shorthand "~
(babel)             in language append on input line 43.
)
Package babel Info: Redefining russian shorthand "|
(babel)             in language append on input line 48.
Package babel Info: Redefining russian shorthand "~
(babel)             in language append on input line 48.
Package babel Info: Redefining russian shorthand "|
(babel)             in language append on input line 48.
Package babel Info: Redefining russian shorthand "~
(babel)             in language append on input line 48.

[47 <./assets/qslj.png (PNG copy)> <./assets/qslqj.png (PNG copy)>]
Package babel Info: Redefining russian shorthand "|
(babel)             in language append on input line 48.
Package babel Info: Redefining russian shorthand "~
(babel)             in language append on input line 48.
Package babel Info: Redefining russian shorthand "|
(babel)             in language append on input line 48.
Package babel Info: Redefining russian shorthand "~
(babel)             in language append on input line 48.
 [48]
\openout2 = `50-main.aux'.


(./50-main.tex
Package babel Info: Redefining russian shorthand "|
(babel)             in language append on input line 1.
Package babel Info: Redefining russian shorthand "~
(babel)             in language append on input line 1.


Package hyperref Warning: Token not allowed in a PDF string (Unicode):
(hyperref)                removing `math shift' on input line 1.


Package hyperref Warning: Token not allowed in a PDF string (Unicode):
(hyperref)                removing `subscript' on input line 1.


Package hyperref Warning: Token not allowed in a PDF string (Unicode):
(hyperref)                removing `subscript' on input line 1.


Package hyperref Warning: Token not allowed in a PDF string (Unicode):
(hyperref)                removing `math shift' on input line 1.

<assets/RTHSModelDiff.png, id=818, 1969.3575pt x 632.3625pt>
File: assets/RTHSModelDiff.png Graphic file (type png)

<use assets/RTHSModelDiff.png>
Package pdftex.def Info: assets/RTHSModelDiff.png used on input line 8.
(pdftex.def)             Requested size: 422.52057pt x 135.66582pt.

<assets/RTHS.png, id=819, 1128.215pt x 345.29pt>
File: assets/RTHS.png Graphic file (type png)
 <use assets/RTHS.png>
Package pdftex.def Info: assets/RTHS.png used on input line 30.
(pdftex.def)             Requested size: 328.6279pt x 100.5741pt.
Package babel Info: Redefining russian shorthand "|
(babel)             in language append on input line 35.
Package babel Info: Redefining russian shorthand "~
(babel)             in language append on input line 35.
Package babel Info: Redefining russian shorthand "|
(babel)             in language append on input line 37.
Package babel Info: Redefining russian shorthand "~
(babel)             in language append on input line 37.
Package babel Info: Redefining russian shorthand "|
(babel)             in language append on input line 37.
Package babel Info: Redefining russian shorthand "~
(babel)             in language append on input line 37.
 [49



 <./assets/RTHSModelDiff.png> <./assets/RTHS.png>]
<assets/DOAlGaAs.png, id=831, 1437.87187pt x 723.45282pt>
File: assets/DOAlGaAs.png Graphic file (type png)

<use assets/DOAlGaAs.png>
Package pdftex.def Info: assets/DOAlGaAs.png used on input line 42.
(pdftex.def)             Requested size: 436.60411pt x 219.67584pt.

<assets/JDOAlGaAs.png, id=832, 1437.87187pt x 723.45282pt>
File: assets/JDOAlGaAs.png Graphic file (type png)

<use assets/JDOAlGaAs.png>
Package pdftex.def Info: assets/JDOAlGaAs.png used on input line 49.
(pdftex.def)             Requested size: 441.3034pt x 222.03818pt.
Package babel Info: Redefining russian shorthand "|
(babel)             in language append on input line 56.
Package babel Info: Redefining russian shorthand "~
(babel)             in language append on input line 56.
Package babel Info: Redefining russian shorthand "|
(babel)             in language append on input line 56.
Package babel Info: Redefining russian shorthand "~
(babel)             in language append on input line 56.
 [50 <./assets/DOAlGaAs.png (PNG copy)> <./assets/JDOAlGaAs.png (PNG copy)>]
<assets/DOAlGaAsNd.png, id=842, 1445.4pt x 723.45282pt>
File: assets/DOAlGaAsNd.png Graphic file (type png)

<use assets/DOAlGaAsNd.png>
Package pdftex.def Info: assets/DOAlGaAsNd.png used on input line 62.
(pdftex.def)             Requested size: 375.57782pt x 187.98291pt.

<assets/JDOAlGaAsNd.png, id=843, 1437.87187pt x 723.45282pt>
File: assets/JDOAlGaAsNd.png Graphic file (type png)

<use assets/JDOAlGaAsNd.png>
Package pdftex.def Info: assets/JDOAlGaAsNd.png used on input line 69.
(pdftex.def)             Requested size: 375.57782pt x 188.96538pt.
Package babel Info: Redefining russian shorthand "|
(babel)             in language append on input line 77.
Package babel Info: Redefining russian shorthand "~
(babel)             in language append on input line 77.
Package babel Info: Redefining russian shorthand "|
(babel)             in language append on input line 77.
Package babel Info: Redefining russian shorthand "~
(babel)             in language append on input line 77.
 [51 <./assets/DOAlGaAsNd.png (PNG copy)> <./assets/JDOAlGaAsNd.png (PNG copy)>
]
Package babel Info: Redefining russian shorthand "|
(babel)             in language append on input line 77.
Package babel Info: Redefining russian shorthand "~
(babel)             in language append on input line 77.
)
Package babel Info: Redefining russian shorthand "|
(babel)             in language append on input line 50.
Package babel Info: Redefining russian shorthand "~
(babel)             in language append on input line 50.
Package babel Info: Redefining russian shorthand "|
(babel)             in language append on input line 50.
Package babel Info: Redefining russian shorthand "~
(babel)             in language append on input line 50.
 [52]
\openout2 = `51-main.aux'.

 (./51-main.tex
Package babel Info: Redefining russian shorthand "|
(babel)             in language append on input line 1.
Package babel Info: Redefining russian shorthand "~
(babel)             in language append on input line 1.

<assets/DAlGaAs_Si.png, id=856, 1437.87187pt x 723.45282pt>
File: assets/DAlGaAs_Si.png Graphic file (type png)

<use assets/DAlGaAs_Si.png>
Package pdftex.def Info: assets/DAlGaAs_Si.png used on input line 7.
(pdftex.def)             Requested size: 469.47049pt x 236.21223pt.

<assets/JDAlGaAs_Si.png, id=857, 1437.87187pt x 723.45282pt>
File: assets/JDAlGaAs_Si.png Graphic file (type png)

<use assets/JDAlGaAs_Si.png>
Package pdftex.def Info: assets/JDAlGaAs_Si.png used on input line 14.
(pdftex.def)             Requested size: 469.47049pt x 236.21223pt.
)
Package babel Info: Redefining russian shorthand "|
(babel)             in language append on input line 51.
Package babel Info: Redefining russian shorthand "~
(babel)             in language append on input line 51.
Package babel Info: Redefining russian shorthand "|
(babel)             in language append on input line 51.
Package babel Info: Redefining russian shorthand "~
(babel)             in language append on input line 51.
 [53


 <./assets/DAlGaAs_Si.png (PNG copy)> <./assets/JDAlGaAs_Si.png (PNG copy)>]
Package babel Info: Redefining russian shorthand "|
(babel)             in language append on input line 51.
Package babel Info: Redefining russian shorthand "~
(babel)             in language append on input line 51.
Package babel Info: Redefining russian shorthand "|
(babel)             in language append on input line 51.
Package babel Info: Redefining russian shorthand "~
(babel)             in language append on input line 51.
 [54]
\openout2 = `52-main.aux'.


No file 52-main.tex.
\openout2 = `60-conclusion.aux'.

(./60-conclusion.tex
Package babel Info: Redefining russian shorthand "|
(babel)             in language append on input line 1.
Package babel Info: Redefining russian shorthand "~
(babel)             in language append on input line 1.
)
Package babel Info: Redefining russian shorthand "|
(babel)             in language append on input line 55.
Package babel Info: Redefining russian shorthand "~
(babel)             in language append on input line 55.
Package babel Info: Redefining russian shorthand "|
(babel)             in language append on input line 55.
Package babel Info: Redefining russian shorthand "~
(babel)             in language append on input line 55.
 [55





]
\openout2 = `61-biblio.aux'.

 (./61-biblio.tex (./index.bbl
Package babel Info: Redefining russian shorthand "|
(babel)             in language append on input line 1.
Package babel Info: Redefining russian shorthand "~
(babel)             in language append on input line 1.
Package babel Info: Redefining russian shorthand "|
(babel)             in language append on input line 106.
Package babel Info: Redefining russian shorthand "~
(babel)             in language append on input line 106.
Package babel Info: Redefining russian shorthand "|
(babel)             in language append on input line 106.
Package babel Info: Redefining russian shorthand "~
(babel)             in language append on input line 106.
 [56



]))
Package babel Info: Redefining russian shorthand "|
(babel)             in language append on input line 56.
Package babel Info: Redefining russian shorthand "~
(babel)             in language append on input line 56.
Package babel Info: Redefining russian shorthand "|
(babel)             in language append on input line 56.
Package babel Info: Redefining russian shorthand "~
(babel)             in language append on input line 56.
 [57]
Package atveryend Info: Empty hook `BeforeClearDocument' on input line 60.
Package atveryend Info: Empty hook `AfterLastShipout' on input line 60.

(./index.aux (./00-titlepage.aux) (./10-intro.aux) (./20-main.aux)
(./21-main.aux) (./22-main.aux) (./23-main.aux) (./24-main.aux) (./30-main.aux)
(./31-main.aux) (./32-main.aux) (./33-main.aux) (./40-main.aux) (./41-main.aux)
(./42-main.aux) (./50-main.aux) (./51-main.aux) (./52-main.aux)
(./60-conclusion.aux) (./61-biblio.aux))
Package atveryend Info: Executing hook `AtVeryEndDocument' on input line 60.
Package atveryend Info: Executing hook `AtEndAfterFileList' on input line 60.
Package rerunfilecheck Info: File `index.out' has not changed.
(rerunfilecheck)             Checksum: 5F9EEBC821473C917CD1ED565A8C6C69;15368.


LaTeX Warning: There were undefined references.

Package atveryend Info: Empty hook `AtVeryVeryEnd' on input line 60.
 ) 
Here is how much of TeX's memory you used:
 37544 strings out of 493013
 794417 string characters out of 6139316
 966861 words of memory out of 5000000
 39971 multiletter control sequences out of 15000+600000
 25611 words of font info for 69 fonts, out of 8000000 for 9000
 1141 hyphenation exceptions out of 8191
 66i,15n,98p,1187b,1685s stack positions out of 5000i,500n,10000p,200000b,80000s
{/usr/share/texmf-dist/fonts/enc/dvips/cm-super/cm-super-t2a.enc}</usr/share/
texmf-dist/fonts/type1/public/amsfonts/cm/cmex10.pfb></usr/share/texmf-dist/fon
ts/type1/public/amsfonts/cm/cmmi10.pfb></usr/share/texmf-dist/fonts/type1/publi
c/amsfonts/cm/cmmi12.pfb></usr/share/texmf-dist/fonts/type1/public/amsfonts/cm/
cmmi7.pfb></usr/share/texmf-dist/fonts/type1/public/amsfonts/cm/cmr10.pfb></usr
/share/texmf-dist/fonts/type1/public/amsfonts/cm/cmr12.pfb></usr/share/texmf-di
st/fonts/type1/public/amsfonts/cm/cmr7.pfb></usr/share/texmf-dist/fonts/type1/p
ublic/amsfonts/cm/cmsy10.pfb></usr/share/texmf-dist/fonts/type1/public/amsfonts
/cm/cmsy7.pfb></usr/share/texmf-dist/fonts/type1/public/amsfonts/symbols/msam10
.pfb></usr/share/texmf-dist/fonts/type1/public/amsfonts/symbols/msbm10.pfb></us
r/share/texmf-dist/fonts/type1/public/amsfonts/symbols/msbm7.pfb></usr/share/te
xmf-dist/fonts/type1/public/cm-super/sfbx1200.pfb></usr/share/texmf-dist/fonts/
type1/public/cm-super/sfbx1440.pfb></usr/share/texmf-dist/fonts/type1/public/cm
-super/sfbx1728.pfb></usr/share/texmf-dist/fonts/type1/public/cm-super/sfcc1440
.pfb></usr/share/texmf-dist/fonts/type1/public/cm-super/sfcc1728.pfb></usr/shar
e/texmf-dist/fonts/type1/public/cm-super/sfcc2986.pfb></usr/share/texmf-dist/fo
nts/type1/public/cm-super/sfrm1000.pfb></usr/share/texmf-dist/fonts/type1/publi
c/cm-super/sfrm1200.pfb></usr/share/texmf-dist/fonts/type1/public/cm-super/sfrm
1440.pfb></usr/share/texmf-dist/fonts/type1/public/cm-super/sfrm1728.pfb></usr/
share/texmf-dist/fonts/type1/public/cm-super/sfti1440.pfb></usr/share/texmf-dis
t/fonts/type1/public/cm-super/sfti1728.pfb>
Output written on index.pdf (57 pages, 2216357 bytes).
PDF statistics:
 1025 PDF objects out of 1200 (max. 8388607)
 876 compressed objects within 9 object streams
 295 named destinations out of 1000 (max. 500000)
 667 words of extra memory for PDF output out of 10000 (max. 10000000)

