\BOOKMARK [0][-]{section*.2}{\376\377\004\022\004\062\004\065\004\064\004\065\004\075\004\070\004\065}{}% 1
\BOOKMARK [0][-]{chapter.1}{\376\377\004\042\004\065\004\076\004\100\004\065\004\102\004\070\004\107\004\065\004\101\004\072\004\060\004\117\000\040\004\107\004\060\004\101\004\102\004\114}{}% 2
\BOOKMARK [1][-]{section.1.1}{\376\377\004\037\004\076\004\073\004\103\004\077\004\100\004\076\004\062\004\076\004\064\004\075\004\070\004\072}{chapter.1}% 3
\BOOKMARK [2][-]{subsection.1.1.1}{\376\377\004\027\004\076\004\075\004\075\004\060\004\117\000\040\004\101\004\102\004\100\004\103\004\072\004\102\004\103\004\100\004\060}{section.1.1}% 4
\BOOKMARK [2][-]{subsection.1.1.2}{\376\377\004\027\004\076\004\075\004\075\004\060\004\117\000\040\004\064\004\070\004\060\004\063\004\100\004\060\004\074\004\074\004\060}{section.1.1}% 5
\BOOKMARK [2][-]{subsection.1.1.3}{\376\377\004\037\004\073\004\076\004\102\004\075\004\076\004\101\004\102\004\114\000\040\004\101\004\076\004\101\004\102\004\076\004\117\004\075\004\070\004\071}{section.1.1}% 6
\BOOKMARK [2][-]{subsection.1.1.4}{\376\377\004\032\004\076\004\075\004\106\004\065\004\075\004\102\004\100\004\060\004\106\004\070\004\117\000\040\004\075\004\076\004\101\004\070\004\102\004\065\004\073\004\065\004\071\000\040\004\067\004\060\004\100\004\117\004\064\004\060}{section.1.1}% 7
\BOOKMARK [3][-]{subsubsection.1.1.4.1}{\376\377\004\041\004\076\004\061\004\101\004\102\004\062\004\065\004\075\004\075\004\113\004\071\000\040\004\077\004\076\004\073\004\103\004\077\004\100\004\076\004\062\004\076\004\064\004\075\004\070\004\072}{subsection.1.1.4}% 8
\BOOKMARK [3][-]{subsubsection.1.1.4.2}{\376\377\004\033\004\065\004\063\004\070\004\100\004\076\004\062\004\060\004\075\004\075\004\113\004\071\000\040\004\077\004\076\004\073\004\103\004\077\004\100\004\076\004\062\004\076\004\064\004\075\004\070\004\072}{subsection.1.1.4}% 9
\BOOKMARK [1][-]{section.1.2}{\376\377\004\040\004\060\004\067\004\074\004\065\004\100\004\075\004\076\004\065\000\040\004\072\004\062\004\060\004\075\004\102\004\076\004\062\004\060\004\075\004\070\004\065}{chapter.1}% 10
\BOOKMARK [2][-]{subsection.1.2.1}{\376\377\004\042\004\100\004\065\004\105\004\074\004\065\004\100\004\075\004\076\004\065\000\040\004\102\004\065\004\073\004\076}{section.1.2}% 11
\BOOKMARK [2][-]{subsection.1.2.2}{\376\377\004\024\004\062\004\103\004\105\004\074\004\065\004\100\004\075\004\076\004\065\000\040\004\102\004\065\004\073\004\076}{section.1.2}% 12
\BOOKMARK [2][-]{subsection.1.2.3}{\376\377\004\036\004\064\004\075\004\076\004\074\004\065\004\100\004\075\004\076\004\065\000\040\004\102\004\065\004\073\004\076}{section.1.2}% 13
\BOOKMARK [1][-]{section.1.3}{\376\377\004\023\004\065\004\102\004\065\004\100\004\076\004\101\004\102\004\100\004\103\004\072\004\102\004\103\004\100\004\060}{chapter.1}% 14
\BOOKMARK [2][-]{subsection.1.3.1}{\376\377\004\027\004\076\004\075\004\075\004\060\004\117\000\040\004\064\004\070\004\060\004\063\004\100\004\060\004\074\004\074\004\060\000\040\004\063\004\065\004\102\004\065\004\100\004\076\004\077\004\065\004\100\004\065\004\105\004\076\004\064\004\060}{section.1.3}% 15
\BOOKMARK [2][-]{subsection.1.3.2}{\376\377\004\040\004\065\004\067\004\076\004\075\004\060\004\075\004\101\004\075\004\076\040\023\004\102\004\103\004\075\004\075\004\065\004\073\004\114\004\075\004\060\004\117\000\040\004\063\004\065\004\102\004\065\004\100\004\076\004\101\004\102\004\100\004\103\004\072\004\102\004\103\004\100\004\060}{section.1.3}% 16
\BOOKMARK [2][-]{subsection.1.3.3}{\376\377\004\040\004\065\004\067\004\076\004\075\004\060\004\075\004\101\004\075\004\076\040\023\004\102\004\103\004\075\004\075\004\065\004\073\004\114\004\075\004\060\004\117\000\040\004\063\004\065\004\102\004\065\004\100\004\076\004\101\004\102\004\100\004\103\004\072\004\102\004\103\004\100\004\060\000\040\004\075\004\060\000\040\004\076\004\101\004\075\004\076\004\062\004\065\000\040\000A\000l\000x\000G\000a\0001\000-\000x\000A\000s}{section.1.3}% 17
\BOOKMARK [1][-]{section.1.4}{\376\377\004\024\004\065\004\063\004\100\004\060\004\064\004\060\004\106\004\070\004\117\000\040\004\077\004\100\004\070\004\061\004\076\004\100\004\076\004\062\000\040\004\075\004\060\000\040\004\076\004\101\004\075\004\076\004\062\004\065\000\040\004\063\004\065\004\102\004\065\004\100\004\076\004\101\004\102\004\100\004\103\004\072\004\102\004\103\004\100}{chapter.1}% 18
\BOOKMARK [1][-]{section.1.5}{\376\377\004\024\004\070\004\104\004\104\004\103\004\067\004\070\004\117}{chapter.1}% 19
\BOOKMARK [2][-]{subsection.1.5.1}{\376\377\004\027\004\060\004\072\004\076\004\075\004\113\000\040\004\044\004\070\004\072\004\060}{section.1.5}% 20
\BOOKMARK [2][-]{subsection.1.5.2}{\376\377\004\034\004\065\004\105\004\060\004\075\004\070\004\067\004\074\004\113\000\040\004\064\004\070\004\104\004\104\004\103\004\067\004\070\004\070}{section.1.5}% 21
\BOOKMARK [2][-]{subsection.1.5.3}{\376\377\004\032\004\076\004\115\004\104\004\104\004\070\004\106\004\070\004\065\004\075\004\102\000\040\004\064\004\070\004\104\004\104\004\103\004\067\004\070\004\070}{section.1.5}% 22
\BOOKMARK [1][-]{section.1.6}{\376\377\004\042\004\076\004\072\004\076\004\077\004\065\004\100\004\065\004\075\004\076\004\101\000\040\004\107\004\065\004\100\004\065\004\067\000\040\004\023\004\041}{chapter.1}% 23
\BOOKMARK [2][-]{subsection.1.6.1}{\376\377\004\043\004\100\004\060\004\062\004\075\004\065\004\075\004\070\004\065\000\040\004\050\004\100\004\065\004\064\004\070\004\075\004\063\004\065\004\100\004\060}{section.1.6}% 24
\BOOKMARK [2][-]{subsection.1.6.2}{\376\377\004\043\004\107\004\121\004\102\000\040\004\100\004\060\004\101\004\077\004\100\004\065\004\064\004\065\004\073\004\065\004\075\004\070\004\117\000\040\004\067\004\060\004\100\004\117\004\064\004\060}{section.1.6}% 25
\BOOKMARK [0][-]{chapter.2}{\376\377\004\034\004\060\004\102\004\065\004\074\004\060\004\102\004\070\004\107\004\065\004\101\004\072\004\070\004\071\000\040\004\060\004\077\004\077\004\060\004\100\004\060\004\102\000\040\004\064\004\073\004\117\000\040\004\074\004\076\004\064\004\065\004\073\004\070\004\100\004\076\004\062\004\060\004\075\004\070\004\117}{}% 26
\BOOKMARK [1][-]{section.2.1}{\376\377\004\034\004\065\004\102\004\076\004\064\000\040\004\072\004\076\004\075\004\065\004\107\004\075\004\113\004\105\000\040\004\100\004\060\004\067\004\075\004\076\004\101\004\102\004\065\004\071}{chapter.2}% 27
\BOOKMARK [1][-]{section.2.2}{\376\377\004\034\004\065\004\102\004\076\004\064\000\040\004\072\004\076\004\075\004\065\004\107\004\075\004\113\004\105\000\040\004\100\004\060\004\067\004\075\004\076\004\101\004\102\004\065\004\071\000\040\004\064\004\073\004\117\000\040\004\100\004\065\004\110\004\065\004\075\004\070\004\117\000\040\004\076\004\064\004\075\004\076\004\074\004\065\004\100\004\075\004\076\004\063\004\076\000\040\004\075\004\065\004\101\004\102\004\060\004\106\004\070\004\076\004\075\004\060\004\100\004\075\004\076\004\063\004\076\000\040\004\103\004\100\004\060\004\062\004\075\004\065\004\075\004\070\004\117\000\040\004\064\004\070\004\104\004\104\004\103\004\067\004\070\004\070}{chapter.2}% 28
\BOOKMARK [2][-]{subsection.2.2.1}{\376\377\004\032\004\076\004\115\004\104\004\104\004\070\004\106\004\070\004\065\004\075\004\102\000\040\004\064\004\070\004\104\004\104\004\103\004\067\004\070\004\070\000\040\004\075\004\065\000\040\004\067\004\060\004\062\004\070\004\101\004\070\004\102\000\040\004\076\004\102\000\040\004\072\004\076\004\075\004\106\004\065\004\075\004\102\004\100\004\060\004\106\004\070\004\070}{section.2.2}% 29
\BOOKMARK [2][-]{subsection.2.2.2}{\376\377\004\032\004\076\004\115\004\104\004\104\004\070\004\106\004\070\004\065\004\075\004\102\000\040\004\064\004\070\004\104\004\104\004\103\004\067\004\070\004\070\000\040\004\067\004\060\004\062\004\070\004\101\004\070\004\102\000\040\004\076\004\102\000\040\004\072\004\076\004\075\004\106\004\065\004\075\004\102\004\100\004\060\004\106\004\070\004\070}{section.2.2}% 30
\BOOKMARK [1][-]{section.2.3}{\376\377\004\034\004\065\004\102\004\076\004\064\000\040\004\072\004\076\004\075\004\065\004\107\004\075\004\113\004\105\000\040\004\100\004\060\004\067\004\075\004\076\004\101\004\102\004\065\004\071\000\040\004\064\004\073\004\117\000\040\004\100\004\060\004\101\004\107\004\065\004\102\004\060\000\040\004\102\004\076\004\072\004\076\004\077\004\065\004\100\004\065\004\075\004\076\004\101\000\040\004\107\004\065\004\100\004\065\004\067\000\040\004\063\004\065\004\102\004\065\004\100\004\076\004\101\004\102\004\100\004\103\004\072\004\102\004\103\004\100\004\103}{chapter.2}% 31
\BOOKMARK [1][-]{section.2.4}{\376\377\004\034\004\065\004\102\004\076\004\064\000\040\004\072\004\076\004\075\004\065\004\107\004\075\004\113\004\105\000\040\004\100\004\060\004\067\004\075\004\076\004\101\004\102\004\065\004\071\000\040\004\064\004\073\004\117\000\040\004\101\004\060\004\074\004\076\004\101\004\076\004\063\004\073\004\060\004\101\004\076\004\062\004\060\004\075\004\075\004\076\004\063\004\076\000\040\004\100\004\065\004\110\004\065\004\075\004\070\004\065\000\040\004\101\004\070\004\101\004\102\004\065\004\074\004\113\000\040\004\050\004\100\004\065\004\064\004\070\004\075\004\063\004\065\004\100\004\060\040\023\004\037\004\103\004\060\004\101\004\101\004\076\004\075\004\060}{chapter.2}% 32
\BOOKMARK [0][-]{chapter.3}{\376\377\004\030\004\101\004\101\004\073\004\065\004\064\004\076\004\062\004\060\004\075\004\070\004\065\000\040\004\077\004\060\004\100\004\060\004\074\004\065\004\102\004\100\004\076\004\062\000\040\004\040\004\042\004\023\004\041\000\040\004\075\004\060\000\040\004\076\004\101\004\075\004\076\004\062\004\065\000\040\000A\000l\000x\000G\000a\0001\000-\000x\000A\000s}{}% 33
\BOOKMARK [1][-]{section.3.1}{\376\377\004\030\004\101\004\101\004\073\004\065\004\064\004\076\004\062\004\060\004\075\004\070\004\065\000\040\004\077\004\060\004\100\004\060\004\074\004\065\004\102\004\100\004\076\004\062\000\040\004\117\004\074\004\113}{chapter.3}% 34
\BOOKMARK [2][-]{subsection.3.1.1}{\376\377\004\030\004\101\004\101\004\073\004\065\004\064\004\076\004\062\004\060\004\075\004\070\004\065\000\040\004\063\004\073\004\103\004\061\004\070\004\075\004\113\000\040\004\117\004\074\004\113}{section.3.1}% 35
\BOOKMARK [3][-]{subsubsection.3.1.1.1}{\376\377\004\037\004\100\004\076\004\067\004\100\004\060\004\107\004\075\004\076\004\101\004\102\004\114\000\040\004\040\004\042\004\023\004\041}{subsection.3.1.1}% 36
\BOOKMARK [3][-]{subsubsection.3.1.1.2}{\376\377\004\022\004\020\004\045\000\040\004\040\004\042\004\023\004\041}{subsection.3.1.1}% 37
\BOOKMARK [2][-]{subsection.3.1.2}{\376\377\004\030\004\101\004\101\004\073\004\065\004\064\004\076\004\062\004\060\004\075\004\070\004\065\000\040\004\110\004\070\004\100\004\070\004\075\004\113\000\040\004\117\004\074\004\113}{section.3.1}% 38
\BOOKMARK [3][-]{subsubsection.3.1.2.1}{\376\377\004\037\004\100\004\076\004\067\004\100\004\060\004\107\004\075\004\076\004\101\004\102\004\114\000\040\004\040\004\042\004\023\004\041}{subsection.3.1.2}% 39
\BOOKMARK [3][-]{subsubsection.3.1.2.2}{\376\377\004\022\004\020\004\045\000\040\004\040\004\042\004\023\004\041}{subsection.3.1.2}% 40
\BOOKMARK [2][-]{subsection.3.1.3}{\376\377\004\022\004\113\004\062\004\076\004\064}{section.3.1}% 41
\BOOKMARK [1][-]{section.3.2}{\376\377\004\030\004\101\004\101\004\073\004\065\004\064\004\076\004\062\004\060\004\075\004\070\004\065\000\040\004\077\004\060\004\100\004\074\004\065\004\102\004\100\004\076\004\062\000\040\004\061\004\060\004\100\004\114\004\065\004\100\004\076\004\062}{chapter.3}% 42
\BOOKMARK [2][-]{subsection.3.2.1}{\376\377\004\030\004\101\004\101\004\073\004\065\004\064\004\076\004\062\004\060\004\075\004\070\004\065\000\040\004\110\004\070\004\100\004\070\004\075\004\113\000\040\004\061\004\060\004\100\004\114\004\065\004\100\004\076\004\062}{section.3.2}% 43
\BOOKMARK [3][-]{subsubsection.3.2.1.1}{\376\377\004\037\004\100\004\076\004\067\004\100\004\060\004\107\004\075\004\076\004\101\004\102\004\114\000\040\004\040\004\042\004\023\004\041}{subsection.3.2.1}% 44
\BOOKMARK [3][-]{subsubsection.3.2.1.2}{\376\377\004\022\004\020\004\045\000\040\004\040\004\042\004\023\004\041}{subsection.3.2.1}% 45
\BOOKMARK [2][-]{subsection.3.2.2}{\376\377\004\022\004\113\004\062\004\076\004\064}{section.3.2}% 46
\BOOKMARK [1][-]{section.3.3}{\376\377\004\030\004\101\004\101\004\073\004\065\004\064\004\076\004\062\004\060\004\075\004\070\004\065\000\040\004\077\004\060\004\100\004\060\004\074\004\065\004\102\004\100\004\076\004\062\000\040\004\101\004\077\004\065\004\071\004\101\004\065\004\100\004\076\004\062}{chapter.3}% 47
\BOOKMARK [2][-]{subsection.3.3.1}{\376\377\004\030\004\101\004\101\004\073\004\065\004\064\004\076\004\062\004\060\004\075\004\070\004\065\000\040\004\062\004\073\004\070\004\117\004\075\004\070\004\117\000\040\004\100\004\060\004\067\004\074\004\065\004\100\004\076\004\062\000\040\004\101\004\077\004\065\004\071\004\101\004\065\004\100\004\060}{section.3.3}% 48
\BOOKMARK [3][-]{subsubsection.3.3.1.1}{\376\377\004\037\004\100\004\076\004\067\004\100\004\060\004\107\004\075\004\076\004\101\004\102\004\114\000\040\004\040\004\042\004\023\004\041}{subsection.3.3.1}% 49
\BOOKMARK [3][-]{subsubsection.3.3.1.2}{\376\377\004\022\004\020\004\045\000\040\004\040\004\042\004\023\004\041}{subsection.3.3.1}% 50
\BOOKMARK [3][-]{subsubsection.3.3.1.3}{\376\377\004\043\004\107\004\065\004\102\000\040\004\077\004\065\004\100\004\065\004\100\004\060\004\101\004\077\004\100\004\065\004\064\004\065\004\073\004\065\004\075\004\070\004\117\000\040\004\067\004\060\004\100\004\117\004\064\004\076\004\062}{subsection.3.3.1}% 51
\BOOKMARK [2][-]{subsection.3.3.2}{\376\377\004\022\004\113\004\062\004\076\004\064}{section.3.3}% 52
\BOOKMARK [0][-]{chapter.4}{\376\377\004\034\004\076\004\064\004\065\004\073\004\070\004\100\004\076\004\062\004\060\004\075\004\070\004\065\000\040\004\064\004\065\004\063\004\100\004\060\004\064\004\060\004\106\004\070\004\070\000\040\004\040\004\042\004\023\004\041\000\040\004\075\004\060\000\040\004\076\004\101\004\075\004\076\004\062\004\065\000\040\000A\000l\000x\000G\000a\0001\042\022\000x\000A\000s}{}% 53
\BOOKMARK [1][-]{section.4.1}{\376\377\004\024\004\070\004\104\004\104\004\103\004\067\004\070\004\076\004\075\004\075\004\076\004\065\000\040\004\100\004\060\004\101\004\077\004\073\004\113\004\102\004\070\004\065\000\040\004\060\004\072\004\102\004\070\004\062\004\075\004\076\004\071\000\040\004\076\004\061\004\073\004\060\004\101\004\102\004\070}{chapter.4}% 54
\BOOKMARK [2][-]{subsection.4.1.1}{\376\377\004\022\004\113\004\062\004\076\004\064}{section.4.1}% 55
\BOOKMARK [1][-]{section.4.2}{\376\377\004\024\004\070\004\104\004\104\004\103\004\067\004\070\004\117\000\040\004\073\004\065\004\063\004\070\004\100\004\103\004\116\004\111\004\065\004\071\000\040\004\077\004\100\004\070\004\074\004\065\004\101\004\070}{chapter.4}% 56
\BOOKMARK [0][-]{section*.34}{\376\377\004\027\004\060\004\072\004\073\004\116\004\107\004\065\004\075\004\070\004\065}{}% 57
\BOOKMARK [0][-]{section*.35}{\376\377\004\041\004\077\004\070\004\101\004\076\004\072\000\040\000\040\004\070\004\101\004\077\004\076\004\073\004\114\004\067\004\076\004\062\004\060\004\075\004\075\004\113\004\105\000\040\000\040\004\070\004\101\004\102\004\076\004\107\004\075\004\070\004\072\004\076\004\062}{}% 58
