\BOOKMARK [0][-]{section*.2}{\376\377\004\022\004\062\004\065\004\064\004\065\004\075\004\070\004\065}{}% 1
\BOOKMARK [0][-]{chapter.1}{\376\377\004\042\004\065\004\076\004\100\004\065\004\102\004\070\004\107\004\065\004\101\004\072\004\060\004\117\000\040\004\107\004\060\004\101\004\102\004\114}{}% 2
\BOOKMARK [1][-]{section.1.1}{\376\377\004\037\004\076\004\073\004\103\004\077\004\100\004\076\004\062\004\076\004\064\004\075\004\070\004\072\004\070}{chapter.1}% 3
\BOOKMARK [2][-]{subsection.1.1.1}{\376\377\004\041\004\076\004\061\004\101\004\102\004\062\004\065\004\075\004\075\004\113\004\065\000\040\004\077\004\076\004\073\004\103\004\077\004\100\004\076\004\062\004\076\004\064\004\075\004\070\004\072\004\070}{section.1.1}% 4
\BOOKMARK [2][-]{subsection.1.1.2}{\376\377\004\037\004\100\004\070\004\074\004\065\004\101\004\075\004\113\004\065\000\040\004\077\004\076\004\073\004\103\004\077\004\100\004\076\004\062\004\076\004\064\004\075\004\070\004\072\004\070}{section.1.1}% 5
\BOOKMARK [1][-]{section.1.2}{\376\377\004\023\004\065\004\102\004\065\004\100\004\076\004\101\004\102\004\100\004\103\004\072\004\102\004\103\004\100\004\060}{chapter.1}% 6
\BOOKMARK [2][-]{subsection.1.2.1}{\376\377\004\027\004\076\004\075\004\075\004\060\004\117\000\040\004\064\004\070\004\060\004\063\004\100\004\060\004\074\004\074\004\060}{section.1.2}% 7
\BOOKMARK [2][-]{subsection.1.2.2}{\376\377\004\023\004\065\004\102\004\065\004\100\004\076\004\101\004\102\004\100\004\103\004\072\004\102\004\103\004\100\004\113\000\040\004\075\004\060\000\040\004\076\004\101\004\075\004\076\004\062\004\065\000\040\000A\000l\000x\000G\000a\0001\042\022\000x\000A\000s}{section.1.2}% 8
\BOOKMARK [1][-]{section.1.3}{\376\377\004\024\004\065\004\063\004\100\004\060\004\064\004\060\004\106\004\070\004\117}{chapter.1}% 9
\BOOKMARK [1][-]{section.1.4}{\376\377\004\024\004\070\004\104\004\104\004\103\004\067\004\070\004\117}{chapter.1}% 10
\BOOKMARK [2][-]{subsection.1.4.1}{\376\377\004\027\004\060\004\072\004\076\004\075\004\113\000\040\004\044\004\070\004\072\004\060}{section.1.4}% 11
\BOOKMARK [2][-]{subsection.1.4.2}{\376\377\004\034\004\065\004\105\004\060\004\075\004\070\004\067\004\074\004\113\000\040\004\064\004\070\004\104\004\104\004\103\004\067\004\070\004\070\000\040\004\077\004\100\004\070\004\074\004\065\004\101\004\065\004\071}{section.1.4}% 12
\BOOKMARK [2][-]{subsection.1.4.3}{\376\377\004\032\004\076\004\115\004\104\004\104\004\070\004\106\004\070\004\065\004\075\004\102\000\040\004\064\004\070\004\104\004\104\004\103\004\067\004\070\004\070}{section.1.4}% 13
\BOOKMARK [2][-]{subsection.1.4.4}{\376\377\004\032\004\076\004\115\004\104\004\104\004\070\004\106\004\070\004\065\004\075\004\102\000\040\004\064\004\070\004\104\004\104\004\103\004\067\004\070\004\070\000\040\000A\000l\000,\000\040\000S\000i\000\040\004\062\000\040\000G\000a\000A\000s}{section.1.4}% 14
\BOOKMARK [1][-]{section.1.5}{\376\377\004\034\004\065\004\102\004\076\004\064\000\040\004\072\004\076\004\075\004\065\004\107\004\075\004\113\004\105\000\040\004\100\004\060\004\067\004\075\004\076\004\101\004\102\004\065\004\071\000.\000\040\004\040\004\065\004\110\004\065\004\075\004\070\004\065\000\040\004\076\004\064\004\075\004\076\004\074\004\065\004\100\004\075\004\076\004\063\004\076\000\040\004\075\004\065\004\101\004\102\004\060\004\106\004\070\004\076\004\075\004\060\004\100\004\075\004\076\004\063\004\076\000\040\004\103\004\100\004\060\004\062\004\075\004\065\004\075\004\070\004\117\000\040\004\064\004\070\004\104\004\104\004\103\004\067\004\070\004\070}{chapter.1}% 15
\BOOKMARK [2][-]{subsection.1.5.1}{\376\377\004\032\004\076\004\115\004\104\004\104\004\070\004\106\004\070\004\065\004\075\004\102\000\040\004\064\004\070\004\104\004\104\004\103\004\067\004\070\004\070\000\040\004\075\004\065\000\040\004\067\004\060\004\062\004\070\004\101\004\070\004\102\000\040\004\076\004\102\000\040\004\072\004\076\004\075\004\106\004\065\004\075\004\102\004\100\004\060\004\106\004\070\004\070\000\040\000\050\004\072\004\076\004\076\004\100\004\064\004\070\004\075\004\060\004\102\004\113\000\051}{section.1.5}% 16
\BOOKMARK [2][-]{subsection.1.5.2}{\376\377\004\032\004\076\004\115\004\104\004\104\004\070\004\106\004\070\004\065\004\075\004\102\000\040\004\064\004\070\004\104\004\104\004\103\004\067\004\070\004\070\000\040\004\067\004\060\004\062\004\070\004\101\004\070\004\102\000\040\004\076\004\102\000\040\004\072\004\076\004\075\004\106\004\065\004\075\004\102\004\100\004\060\004\106\004\070\004\070\000\040\000\050\004\072\004\076\004\076\004\100\004\064\004\070\004\075\004\060\004\102\004\113\000\051}{section.1.5}% 17
\BOOKMARK [0][-]{chapter.2}{\376\377\004\040\004\060\004\101\004\101\004\107\004\065\004\102\004\075\004\060\004\117\000\040\004\107\004\060\004\101\004\102\004\114}{}% 18
\BOOKMARK [1][-]{section.2.1}{\376\377\004\020\004\073\004\063\004\076\004\100\004\070\004\102\000\040\004\074\004\076\004\064\004\065\004\073\004\070\004\100\004\076\004\062\004\060\004\075\004\070\004\117\000\040\004\064\004\065\004\063\004\100\004\060\004\064\004\060\004\106\004\070\004\070\000\040\004\023\004\041}{chapter.2}% 19
\BOOKMARK [1][-]{section.2.2}{\376\377\004\035\004\060\004\107\004\060\004\073\004\114\004\075\004\113\004\065\000\040\004\103\004\101\004\073\004\076\004\062\004\070\004\117}{chapter.2}% 20
\BOOKMARK [1][-]{section.2.3}{\376\377\004\034\004\076\004\064\004\065\004\073\004\070\004\100\004\076\004\062\004\060\004\075\004\070\004\065\000\040\004\101\004\102\004\060\004\100\004\065\004\075\004\070\004\117\000\040\004\023\004\041}{chapter.2}% 21
\BOOKMARK [2][-]{subsection.2.3.1}{\376\377\004\020\004\073\004\063\004\076\004\100\004\070\004\102\004\074\000\040\004\074\004\076\004\064\004\065\004\073\004\070\004\100\004\076\004\062\004\060\004\075\004\070\004\117\000\040\004\101\004\102\004\060\004\100\004\065\004\075\004\070\004\117\000\040\004\023\004\041}{section.2.3}% 22
\BOOKMARK [2][-]{subsection.2.3.2}{\376\377\004\040\004\065\004\067\004\103\004\073\004\114\004\102\004\060\004\102\000\040\004\074\004\076\004\064\004\065\004\073\004\070\004\100\004\076\004\062\004\060\004\075\004\070\004\117}{section.2.3}% 23
\BOOKMARK [1][-]{section.2.4}{\376\377\004\034\004\076\004\064\004\065\004\073\004\070\004\100\004\076\004\062\004\060\004\075\004\070\004\065\000\040\004\102\004\076\004\072\004\076\004\077\004\065\004\100\004\065\004\075\004\076\004\101\004\060\000\040\004\107\004\065\004\100\004\065\004\067\000\040\004\023\004\041}{chapter.2}% 24
\BOOKMARK [2][-]{subsection.2.4.1}{\376\377\004\020\004\073\004\063\004\076\004\100\004\070\004\102\004\074\000\040\004\074\004\076\004\064\004\065\004\073\004\070\004\100\004\076\004\062\004\060\004\075\004\070\004\117\000\040\004\102\004\076\004\072\004\076\004\077\004\065\004\100\004\065\004\075\004\076\004\101\004\060\000\040\004\107\004\065\004\100\004\065\004\067\000\040\004\023\004\041}{section.2.4}% 25
\BOOKMARK [2][-]{subsection.2.4.2}{\376\377\004\040\004\065\004\067\004\103\004\073\004\114\004\102\004\060\004\102\000\040\004\074\004\076\004\064\004\065\004\073\004\070\004\100\004\076\004\062\004\060\004\075\004\070\004\117}{section.2.4}% 26
