This is METAFONT, Version 2.7182818 (TeX Live 2016/Arch Linux) (preloaded base=mf 2016.11.23)  24 APR 2017 04:34
**\mode:=ljfour; mag:=1; nonstopmode; input larm1440
(/root/.texlive/texmf-var/fonts/source/lh/lh-t2a/larm1440.mf
(/usr/share/texmf-dist/fonts/source/lh/base/fikparm.mf
(/usr/share/texmf-dist/fonts/source/public/cm/cmbase.mf)
(/usr/share/texmf-dist/fonts/source/lh/base/lcyrbeg.mf)
(/usr/share/texmf-dist/fonts/source/lh/base/lkligtbl.mf)
>> 14.4
>> "input ecrm" (/usr/share/texmf-dist/fonts/source/jknappen/ec/ecrm.mf)
(/usr/share/texmf-dist/fonts/source/lh/lh-t2a/lacodes.mf)
(/usr/share/texmf-dist/fonts/source/lh/base/lcyrdefs.mf)
(/usr/share/texmf-dist/fonts/source/lh/base/leroman.mf
(/usr/share/texmf-dist/fonts/source/lh/base/lxpseudo.mf)
(/usr/share/texmf-dist/fonts/source/jknappen/ec/exrulett.mf [65] [66] [67]
[68] [69] [70] [71] [72] [73] [74] [75] [76] [77] [78] [79] [80] [81] [82]
[83] [84] [85] [86] [87] [88] [89] [90])
(/usr/share/texmf-dist/fonts/source/jknappen/ec/exrllett.mf [97] [98] [99]
! Interruption.
<to be read again> 
                   known
pos->begingroup.if.known
                        (EXPR3):if(EXPR3)<=currentbreadth:errmessage"bad pos...
l.126 pos0'(stem',0)
                    ; pos0(stem,0); z0r=z0'r; x0'=x1; x0=x2;
? 
! Emergency stop.
<to be read again> 
                   known
pos->begingroup.if.known
                        (EXPR3):if(EXPR3)<=currentbreadth:errmessage"bad pos...
l.126 pos0'(stem',0)
                    ; pos0(stem,0); z0r=z0'r; x0'=x1; x0=x2;
End of file on the terminal!

 
Here is how much of METAFONT's memory you used:
 801 strings out of 5274
 7697 string characters out of 70022
 45002 words of memory out of 5000000
 1651 symbolic tokens out of 9500
 15i,80n,0r,26p,220b stack positions out of 300i,300n,1000r,150p,200000b
 
(You used 20w,4h,2d,3i,0l,0k,0e,15p metric file positions
  out of 256w,16h,16d,64i,15000l,2500k,256e,60p)
Font metrics written on larm1440.tfm.
Output written on larm1440.600gf (29 characters, 9740 bytes).
